TN:
SF:node_modules/@openzeppelin/contracts-upgradeable/access/OwnableUpgradeable.sol
FN:29,OwnableUpgradeable.__Ownable_init
FNDA:0,OwnableUpgradeable.__Ownable_init
DA:30,0
FN:33,OwnableUpgradeable.__Ownable_init_unchained
FNDA:0,OwnableUpgradeable.__Ownable_init_unchained
DA:34,0
FN:48,OwnableUpgradeable.owner
FNDA:0,OwnableUpgradeable.owner
DA:49,0
FN:55,OwnableUpgradeable._checkOwner
FNDA:0,OwnableUpgradeable._checkOwner
DA:56,0
BRDA:56,0,0,-
BRDA:56,0,1,-
FN:66,OwnableUpgradeable.renounceOwnership
FNDA:0,OwnableUpgradeable.renounceOwnership
DA:67,0
FN:74,OwnableUpgradeable.transferOwnership
FNDA:0,OwnableUpgradeable.transferOwnership
DA:75,0
BRDA:75,1,0,-
BRDA:75,1,1,-
DA:76,0
FN:83,OwnableUpgradeable._transferOwnership
FNDA:0,OwnableUpgradeable._transferOwnership
DA:84,0
DA:85,0
DA:86,0
FNF:7
FNH:0
LF:10
LH:0
BRF:4
BRH:0
end_of_record
TN:
SF:node_modules/@openzeppelin/contracts-upgradeable/proxy/utils/Initializable.sol
FN:131,Initializable._disableInitializers
FNDA:0,Initializable._disableInitializers
DA:132,0
BRDA:132,0,0,-
BRDA:132,0,1,-
DA:133,0
BRDA:133,1,0,-
BRDA:133,1,1,-
DA:134,0
DA:135,0
FNF:1
FNH:0
LF:4
LH:0
BRF:4
BRH:0
end_of_record
TN:
SF:node_modules/@openzeppelin/contracts-upgradeable/security/PausableUpgradeable.sol
FN:34,PausableUpgradeable.__Pausable_init
FNDA:0,PausableUpgradeable.__Pausable_init
DA:35,0
FN:38,PausableUpgradeable.__Pausable_init_unchained
FNDA:0,PausableUpgradeable.__Pausable_init_unchained
DA:39,0
FN:69,PausableUpgradeable.paused
FNDA:1,PausableUpgradeable.paused
DA:70,160
FN:76,PausableUpgradeable._requireNotPaused
FNDA:158,PausableUpgradeable._requireNotPaused
DA:77,158
BRDA:77,0,0,1
BRDA:77,0,1,157
FN:83,PausableUpgradeable._requirePaused
FNDA:1,PausableUpgradeable._requirePaused
DA:84,1
BRDA:84,1,0,-
BRDA:84,1,1,1
FN:94,PausableUpgradeable._pause
FNDA:4,PausableUpgradeable._pause
DA:95,4
DA:96,4
FN:106,PausableUpgradeable._unpause
FNDA:1,PausableUpgradeable._unpause
DA:107,1
DA:108,1
FNF:7
FNH:5
LF:9
LH:7
BRF:4
BRH:3
end_of_record
TN:
SF:node_modules/@openzeppelin/contracts-upgradeable/utils/AddressUpgradeable.sol
FN:36,AddressUpgradeable.isContract
FNDA:0,AddressUpgradeable.isContract
DA:41,0
FN:60,AddressUpgradeable.sendValue
FNDA:0,AddressUpgradeable.sendValue
DA:61,0
BRDA:61,0,0,-
BRDA:61,0,1,-
DA:63,0
DA:64,0
BRDA:64,1,0,-
BRDA:64,1,1,-
FN:85,AddressUpgradeable.functionCall
FNDA:0,AddressUpgradeable.functionCall
DA:86,0
FN:95,AddressUpgradeable.functionCall
FNDA:0,AddressUpgradeable.functionCall
DA:100,0
FN:114,AddressUpgradeable.functionCallWithValue
FNDA:0,AddressUpgradeable.functionCallWithValue
DA:119,0
FN:128,AddressUpgradeable.functionCallWithValue
FNDA:0,AddressUpgradeable.functionCallWithValue
DA:134,0
BRDA:134,2,0,-
BRDA:134,2,1,-
DA:135,0
BRDA:135,3,0,-
BRDA:135,3,1,-
DA:137,0
DA:138,0
FN:147,AddressUpgradeable.functionStaticCall
FNDA:0,AddressUpgradeable.functionStaticCall
DA:148,0
FN:157,AddressUpgradeable.functionStaticCall
FNDA:0,AddressUpgradeable.functionStaticCall
DA:162,0
BRDA:162,4,0,-
BRDA:162,4,1,-
DA:164,0
DA:165,0
FN:174,AddressUpgradeable.verifyCallResult
FNDA:0,AddressUpgradeable.verifyCallResult
DA:179,0
BRDA:179,5,0,-
BRDA:179,5,1,-
DA:180,0
DA:183,0
BRDA:183,6,0,-
BRDA:183,6,1,-
DA:191,0
FNF:9
FNH:0
LF:19
LH:0
BRF:14
BRH:0
end_of_record
TN:
SF:node_modules/@openzeppelin/contracts-upgradeable/utils/ContextUpgradeable.sol
FN:18,ContextUpgradeable.__Context_init
FNDA:0,ContextUpgradeable.__Context_init
FN:21,ContextUpgradeable.__Context_init_unchained
FNDA:0,ContextUpgradeable.__Context_init_unchained
FN:23,ContextUpgradeable._msgSender
FNDA:5,ContextUpgradeable._msgSender
DA:24,5
FN:27,ContextUpgradeable._msgData
FNDA:0,ContextUpgradeable._msgData
DA:28,0
FNF:4
FNH:1
LF:2
LH:1
BRF:0
BRH:0
end_of_record
TN:
SF:node_modules/@openzeppelin/contracts-upgradeable/utils/Create2Upgradeable.sol
FN:30,Create2Upgradeable.deploy
FNDA:0,Create2Upgradeable.deploy
DA:35,0
DA:36,0
BRDA:36,0,0,-
BRDA:36,0,1,-
DA:37,0
BRDA:37,1,0,-
BRDA:37,1,1,-
DA:40,0
DA:42,0
BRDA:42,2,0,-
BRDA:42,2,1,-
DA:43,0
FN:50,Create2Upgradeable.computeAddress
FNDA:0,Create2Upgradeable.computeAddress
DA:51,0
FN:58,Create2Upgradeable.computeAddress
FNDA:0,Create2Upgradeable.computeAddress
DA:63,0
DA:64,0
FNF:3
FNH:0
LF:9
LH:0
BRF:6
BRH:0
end_of_record
TN:
SF:node_modules/@openzeppelin/contracts/access/Ownable.sol
FN:43,Ownable.owner
FNDA:0,Ownable.owner
DA:44,0
FN:50,Ownable._checkOwner
FNDA:0,Ownable._checkOwner
DA:51,0
BRDA:51,0,0,-
BRDA:51,0,1,-
FN:61,Ownable.renounceOwnership
FNDA:0,Ownable.renounceOwnership
DA:62,0
FN:69,Ownable.transferOwnership
FNDA:0,Ownable.transferOwnership
DA:70,0
BRDA:70,1,0,-
BRDA:70,1,1,-
DA:71,0
FN:78,Ownable._transferOwnership
FNDA:0,Ownable._transferOwnership
DA:79,0
DA:80,0
DA:81,0
FNF:5
FNH:0
LF:8
LH:0
BRF:4
BRH:0
end_of_record
TN:
SF:node_modules/@openzeppelin/contracts/proxy/ERC1967/ERC1967Proxy.sol
FN:29,ERC1967Proxy._implementation
FNDA:1424,ERC1967Proxy._implementation
DA:30,1424
FNF:1
FNH:1
LF:1
LH:1
BRF:0
BRH:0
end_of_record
TN:
SF:node_modules/@openzeppelin/contracts/proxy/ERC1967/ERC1967Upgrade.sol
FN:38,ERC1967Upgrade._getImplementation
FNDA:1443,ERC1967Upgrade._getImplementation
DA:39,1443
FN:45,ERC1967Upgrade._setImplementation
FNDA:2,ERC1967Upgrade._setImplementation
DA:46,2
BRDA:46,0,0,-
BRDA:46,0,1,2
DA:47,2
FN:55,ERC1967Upgrade._upgradeTo
FNDA:2,ERC1967Upgrade._upgradeTo
DA:56,2
DA:57,2
FN:65,ERC1967Upgrade._upgradeToAndCall
FNDA:2,ERC1967Upgrade._upgradeToAndCall
DA:70,2
DA:71,2
BRDA:71,1,0,1
BRDA:71,1,1,2
DA:72,1
FN:81,ERC1967Upgrade._upgradeToAndCallUUPS
FNDA:4,ERC1967Upgrade._upgradeToAndCallUUPS
DA:89,4
BRDA:89,2,0,-
BRDA:89,2,1,4
DA:90,0
DA:92,4
DA:97,2
FN:116,ERC1967Upgrade._getAdmin
FNDA:1882,ERC1967Upgrade._getAdmin
DA:117,1882
FN:123,ERC1967Upgrade._setAdmin
FNDA:0,ERC1967Upgrade._setAdmin
DA:124,0
BRDA:124,3,0,-
BRDA:124,3,1,-
DA:125,0
FN:133,ERC1967Upgrade._changeAdmin
FNDA:0,ERC1967Upgrade._changeAdmin
DA:134,0
DA:135,0
FN:152,ERC1967Upgrade._getBeacon
FNDA:0,ERC1967Upgrade._getBeacon
DA:153,0
FN:159,ERC1967Upgrade._setBeacon
FNDA:0,ERC1967Upgrade._setBeacon
DA:160,0
BRDA:160,4,0,-
BRDA:160,4,1,-
DA:161,0
BRDA:161,5,0,-
BRDA:161,5,1,-
DA:165,0
FN:174,ERC1967Upgrade._upgradeBeaconToAndCall
FNDA:0,ERC1967Upgrade._upgradeBeaconToAndCall
DA:179,0
DA:180,0
DA:181,0
BRDA:181,6,0,-
BRDA:181,6,1,-
DA:182,0
FNF:11
FNH:6
LF:25
LH:12
BRF:14
BRH:4
end_of_record
TN:
SF:node_modules/@openzeppelin/contracts/proxy/Proxy.sol
FN:22,Proxy._delegate
FNDA:1881,Proxy._delegate
FN:58,Proxy._fallback
FNDA:1881,Proxy._fallback
DA:59,1881
DA:60,1881
FN:67,Proxy.
FNDA:1881,Proxy.
DA:68,1881
FN:85,Proxy._beforeFallback
FNDA:1881,Proxy._beforeFallback
FNF:4
FNH:4
LF:3
LH:3
BRF:0
BRH:0
end_of_record
TN:
SF:node_modules/@openzeppelin/contracts/proxy/beacon/UpgradeableBeacon.sol
FN:35,UpgradeableBeacon.implementation
FNDA:0,UpgradeableBeacon.implementation
DA:36,0
FN:49,UpgradeableBeacon.upgradeTo
FNDA:0,UpgradeableBeacon.upgradeTo
DA:50,0
DA:51,0
FN:61,UpgradeableBeacon._setImplementation
FNDA:0,UpgradeableBeacon._setImplementation
DA:62,0
BRDA:62,0,0,-
BRDA:62,0,1,-
DA:63,0
FNF:3
FNH:0
LF:5
LH:0
BRF:2
BRH:0
end_of_record
TN:
SF:node_modules/@openzeppelin/contracts/proxy/transparent/ProxyAdmin.sol
FN:21,ProxyAdmin.getProxyImplementation
FNDA:0,ProxyAdmin.getProxyImplementation
DA:24,0
DA:25,0
BRDA:25,0,0,-
BRDA:25,0,1,-
DA:26,0
FN:36,ProxyAdmin.getProxyAdmin
FNDA:0,ProxyAdmin.getProxyAdmin
DA:39,0
DA:40,0
BRDA:40,1,0,-
BRDA:40,1,1,-
DA:41,0
FN:51,ProxyAdmin.changeProxyAdmin
FNDA:0,ProxyAdmin.changeProxyAdmin
DA:52,0
FN:62,ProxyAdmin.upgrade
FNDA:0,ProxyAdmin.upgrade
DA:63,0
FN:74,ProxyAdmin.upgradeAndCall
FNDA:0,ProxyAdmin.upgradeAndCall
DA:79,0
FNF:5
FNH:0
LF:9
LH:0
BRF:4
BRH:0
end_of_record
TN:
SF:node_modules/@openzeppelin/contracts/proxy/transparent/TransparentUpgradeableProxy.sol
FN:62,TransparentUpgradeableProxy.admin
FNDA:0,TransparentUpgradeableProxy.admin
DA:63,0
FN:75,TransparentUpgradeableProxy.implementation
FNDA:0,TransparentUpgradeableProxy.implementation
DA:76,0
FN:86,TransparentUpgradeableProxy.changeAdmin
FNDA:0,TransparentUpgradeableProxy.changeAdmin
DA:87,0
FN:95,TransparentUpgradeableProxy.upgradeTo
FNDA:0,TransparentUpgradeableProxy.upgradeTo
DA:96,0
FN:106,TransparentUpgradeableProxy.upgradeToAndCall
FNDA:0,TransparentUpgradeableProxy.upgradeToAndCall
DA:107,0
FN:113,TransparentUpgradeableProxy._admin
FNDA:0,TransparentUpgradeableProxy._admin
DA:114,0
FN:120,TransparentUpgradeableProxy._beforeFallback
FNDA:1424,TransparentUpgradeableProxy._beforeFallback
DA:121,1424
BRDA:121,0,0,-
BRDA:121,0,1,1424
DA:122,1424
FNF:7
FNH:1
LF:8
LH:2
BRF:2
BRH:1
end_of_record
TN:
SF:node_modules/@openzeppelin/contracts/proxy/utils/UUPSUpgradeable.sol
FN:55,UUPSUpgradeable.proxiableUUID
FNDA:0,UUPSUpgradeable.proxiableUUID
DA:56,0
FN:66,UUPSUpgradeable.upgradeTo
FNDA:3,UUPSUpgradeable.upgradeTo
DA:67,3
DA:68,3
FN:79,UUPSUpgradeable.upgradeToAndCall
FNDA:1,UUPSUpgradeable.upgradeToAndCall
DA:80,1
DA:81,1
FNF:3
FNH:2
LF:5
LH:4
BRF:0
BRH:0
end_of_record
TN:
SF:node_modules/@openzeppelin/contracts/token/ERC20/ERC20.sol
FN:62,ERC20.name
FNDA:0,ERC20.name
DA:63,0
FN:70,ERC20.symbol
FNDA:0,ERC20.symbol
DA:71,0
FN:87,ERC20.decimals
FNDA:0,ERC20.decimals
DA:88,0
FN:94,ERC20.totalSupply
FNDA:0,ERC20.totalSupply
DA:95,0
FN:101,ERC20.balanceOf
FNDA:46,ERC20.balanceOf
DA:102,46
FN:113,ERC20.transfer
FNDA:11,ERC20.transfer
DA:114,11
DA:115,11
DA:116,11
FN:122,ERC20.allowance
FNDA:0,ERC20.allowance
DA:123,165
FN:136,ERC20.approve
FNDA:34,ERC20.approve
DA:137,34
DA:138,34
DA:139,34
FN:158,ERC20.transferFrom
FNDA:165,ERC20.transferFrom
DA:163,165
DA:164,165
DA:165,165
DA:166,165
FN:181,ERC20.increaseAllowance
FNDA:0,ERC20.increaseAllowance
DA:182,0
DA:183,0
DA:184,0
FN:201,ERC20.decreaseAllowance
FNDA:0,ERC20.decreaseAllowance
DA:202,0
DA:203,0
DA:204,0
BRDA:204,0,0,-
BRDA:204,0,1,-
DA:206,0
DA:209,0
FN:226,ERC20._transfer
FNDA:176,ERC20._transfer
DA:231,176
BRDA:231,1,0,-
BRDA:231,1,1,176
DA:232,176
BRDA:232,2,0,-
BRDA:232,2,1,176
DA:234,176
DA:236,176
DA:237,176
BRDA:237,3,0,-
BRDA:237,3,1,176
DA:239,176
DA:241,176
DA:243,176
DA:245,176
FN:257,ERC20._mint
FNDA:0,ERC20._mint
DA:258,0
BRDA:258,4,0,-
BRDA:258,4,1,-
DA:260,0
DA:262,0
DA:263,0
DA:264,0
DA:266,0
FN:280,ERC20._burn
FNDA:0,ERC20._burn
DA:281,0
BRDA:281,5,0,-
BRDA:281,5,1,-
DA:283,0
DA:285,0
DA:286,0
BRDA:286,6,0,-
BRDA:286,6,1,-
DA:288,0
DA:290,0
DA:292,0
DA:294,0
FN:310,ERC20._approve
FNDA:39,ERC20._approve
DA:315,39
BRDA:315,7,0,-
BRDA:315,7,1,39
DA:316,39
BRDA:316,8,0,-
BRDA:316,8,1,39
DA:318,39
DA:319,39
FN:330,ERC20._spendAllowance
FNDA:165,ERC20._spendAllowance
DA:335,165
DA:336,165
BRDA:336,9,0,-
BRDA:336,9,1,5
DA:337,5
BRDA:337,10,0,-
BRDA:337,10,1,5
DA:339,5
FN:358,ERC20._beforeTokenTransfer
FNDA:176,ERC20._beforeTokenTransfer
FN:378,ERC20._afterTokenTransfer
FNDA:176,ERC20._afterTokenTransfer
FNF:18
FNH:9
LF:55
LH:29
BRF:22
BRH:7
end_of_record
TN:
SF:node_modules/@openzeppelin/contracts/token/ERC20/utils/SafeERC20.sol
FN:22,SafeERC20.safeTransfer
FNDA:0,SafeERC20.safeTransfer
DA:27,0
FN:30,SafeERC20.safeTransferFrom
FNDA:0,SafeERC20.safeTransferFrom
DA:36,0
FN:46,SafeERC20.safeApprove
FNDA:0,SafeERC20.safeApprove
DA:54,0
BRDA:54,0,0,-
BRDA:54,0,1,-
DA:58,0
FN:61,SafeERC20.safeIncreaseAllowance
FNDA:0,SafeERC20.safeIncreaseAllowance
DA:66,0
DA:67,0
FN:70,SafeERC20.safeDecreaseAllowance
FNDA:0,SafeERC20.safeDecreaseAllowance
DA:76,0
DA:77,0
BRDA:77,1,0,-
BRDA:77,1,1,-
DA:78,0
DA:79,0
FN:83,SafeERC20.safePermit
FNDA:0,SafeERC20.safePermit
DA:93,0
DA:94,0
DA:95,0
DA:96,0
BRDA:96,2,0,-
BRDA:96,2,1,-
FN:105,SafeERC20._callOptionalReturn
FNDA:0,SafeERC20._callOptionalReturn
DA:110,0
DA:111,0
BRDA:111,3,0,-
BRDA:111,3,1,-
DA:113,0
BRDA:113,4,0,-
BRDA:113,4,1,-
FNF:7
FNH:0
LF:17
LH:0
BRF:10
BRH:0
end_of_record
TN:
SF:node_modules/@openzeppelin/contracts/utils/Address.sol
FN:36,Address.isContract
FNDA:516,Address.isContract
DA:41,516
FN:60,Address.sendValue
FNDA:0,Address.sendValue
DA:61,0
BRDA:61,0,0,-
BRDA:61,0,1,-
DA:63,0
DA:64,0
BRDA:64,1,0,-
BRDA:64,1,1,-
FN:85,Address.functionCall
FNDA:0,Address.functionCall
DA:86,0
FN:95,Address.functionCall
FNDA:55,Address.functionCall
DA:100,55
FN:114,Address.functionCallWithValue
FNDA:0,Address.functionCallWithValue
DA:119,0
FN:128,Address.functionCallWithValue
FNDA:55,Address.functionCallWithValue
DA:134,55
BRDA:134,2,0,-
BRDA:134,2,1,55
DA:135,55
BRDA:135,3,0,-
BRDA:135,3,1,55
DA:137,55
DA:138,55
FN:147,Address.functionStaticCall
FNDA:0,Address.functionStaticCall
DA:148,0
FN:157,Address.functionStaticCall
FNDA:0,Address.functionStaticCall
DA:162,0
BRDA:162,4,0,-
BRDA:162,4,1,-
DA:164,0
DA:165,0
FN:174,Address.functionDelegateCall
FNDA:1,Address.functionDelegateCall
DA:175,1
FN:184,Address.functionDelegateCall
FNDA:1,Address.functionDelegateCall
DA:189,1
BRDA:189,5,0,-
BRDA:189,5,1,1
DA:191,1
DA:192,1
FN:201,Address.verifyCallResult
FNDA:56,Address.verifyCallResult
DA:206,56
BRDA:206,6,0,56
BRDA:206,6,1,-
DA:207,56
DA:210,0
BRDA:210,7,0,-
BRDA:210,7,1,-
DA:218,0
FNF:11
FNH:6
LF:23
LH:12
BRF:16
BRH:4
end_of_record
TN:
SF:node_modules/@openzeppelin/contracts/utils/Context.sol
FN:17,Context._msgSender
FNDA:210,Context._msgSender
DA:18,210
FN:21,Context._msgData
FNDA:0,Context._msgData
DA:22,0
FNF:2
FNH:1
LF:2
LH:1
BRF:0
BRH:0
end_of_record
TN:
SF:node_modules/@openzeppelin/contracts/utils/StorageSlot.sol
FN:52,StorageSlot.getAddressSlot
FNDA:0,StorageSlot.getAddressSlot
DA:55,0
FN:62,StorageSlot.getBooleanSlot
FNDA:0,StorageSlot.getBooleanSlot
DA:65,0
FN:72,StorageSlot.getBytes32Slot
FNDA:0,StorageSlot.getBytes32Slot
DA:75,0
FN:82,StorageSlot.getUint256Slot
FNDA:0,StorageSlot.getUint256Slot
DA:85,0
FNF:4
FNH:0
LF:4
LH:0
BRF:0
BRH:0
end_of_record
TN:
SF:script/Counter.s.sol
FN:7,CounterScript.setUp
FNDA:0,CounterScript.setUp
FN:9,CounterScript.run
FNDA:0,CounterScript.run
DA:10,0
FNF:2
FNH:0
LF:1
LH:0
BRF:0
BRH:0
end_of_record
TN:
SF:src/assertionStakingPool/AssertionStakingPool.sol
FN:25,AssertionStakingPoolCreator.createPoolForAssertion
FNDA:0,AssertionStakingPoolCreator.createPoolForAssertion
DA:30,0
DA:33,0
DA:34,0
FN:70,AssertionStakingPool.depositIntoPool
FNDA:17,AssertionStakingPool.depositIntoPool
DA:71,17
BRDA:71,0,0,1
BRDA:71,0,1,16
DA:72,1
DA:74,16
DA:76,16
DA:77,16
BRDA:77,1,0,1
BRDA:77,1,1,15
DA:78,1
DA:82,15
DA:83,15
BRDA:83,2,0,-
BRDA:83,2,1,15
DA:84,0
DA:86,15
DA:89,15
DA:90,15
DA:91,15
FN:95,AssertionStakingPool.createAssertion
FNDA:6,AssertionStakingPool.createAssertion
DA:96,6
BRDA:96,3,0,-
BRDA:96,3,1,6
DA:97,0
DA:100,6
DA:101,6
DA:102,6
BRDA:102,4,0,1
BRDA:102,4,1,5
DA:103,1
DA:106,5
DA:108,5
DA:109,5
DA:110,5
FN:114,AssertionStakingPool.returnOldStakeBackToPool
FNDA:2,AssertionStakingPool.returnOldStakeBackToPool
DA:115,2
BRDA:115,5,0,-
BRDA:115,5,1,2
DA:116,0
DA:119,2
DA:121,2
BRDA:121,6,0,-
BRDA:121,6,1,2
DA:122,0
DA:124,2
DA:125,2
DA:126,2
FN:130,AssertionStakingPool.withdrawFromPool
FNDA:7,AssertionStakingPool.withdrawFromPool
DA:131,7
BRDA:131,7,0,1
BRDA:131,7,1,6
DA:132,1
DA:134,6
DA:135,6
BRDA:135,8,0,1
BRDA:135,8,1,5
DA:136,1
DA:138,5
DA:139,5
DA:140,5
FN:144,AssertionStakingPool.getRequiredStake
FNDA:1,AssertionStakingPool.getRequiredStake
DA:145,23
FNF:6
FNH:5
LF:43
LH:36
BRF:18
BRH:14
end_of_record
TN:
SF:src/bridge/Bridge.sol
FN:61,Bridge.initialize
FNDA:0,Bridge.initialize
DA:62,0
DA:63,0
FN:67,Bridge.updateRollupAddress
FNDA:0,Bridge.updateRollupAddress
DA:68,0
FN:82,Bridge.activeOutbox
FNDA:0,Bridge.activeOutbox
DA:83,0
DA:88,0
BRDA:88,0,0,-
BRDA:88,0,1,-
DA:89,0
FN:92,Bridge.allowedDelayedInboxes
FNDA:0,Bridge.allowedDelayedInboxes
DA:93,0
FN:96,Bridge.allowedOutboxes
FNDA:0,Bridge.allowedOutboxes
DA:97,0
FN:105,Bridge.enqueueSequencerMessage
FNDA:33,Bridge.enqueueSequencerMessage
DA:121,33
DA:122,33
DA:123,0
BRDA:120,1,0,-
BRDA:120,1,1,33
DA:125,0
DA:127,33
DA:128,33
DA:129,33
BRDA:129,2,0,-
BRDA:129,2,1,33
DA:130,33
DA:132,33
BRDA:132,3,0,-
BRDA:132,3,1,33
DA:133,33
DA:135,33
DA:136,33
FN:140,Bridge.submitBatchSpendingReport
FNDA:0,Bridge.submitBatchSpendingReport
DA:145,0
DA:146,0
FN:157,Bridge.enqueueDelayedMessage
FNDA:0,Bridge.enqueueDelayedMessage
DA:162,0
BRDA:162,4,0,-
BRDA:162,4,1,-
DA:163,0
DA:164,0
FN:174,Bridge.addMessageToDelayedAccumulator
FNDA:0,Bridge.addMessageToDelayedAccumulator
DA:182,0
DA:183,0
DA:192,0
DA:193,0
BRDA:193,5,0,-
BRDA:193,5,1,-
DA:194,0
DA:196,0
DA:197,0
DA:207,0
FN:210,Bridge.executeCall
FNDA:0,Bridge.executeCall
DA:215,0
BRDA:215,6,0,-
BRDA:215,6,1,-
DA:216,0
BRDA:216,7,0,-
BRDA:216,7,1,-
DA:217,0
DA:218,0
DA:224,0
DA:225,0
DA:226,0
FN:229,Bridge.setSequencerInbox
FNDA:0,Bridge.setSequencerInbox
DA:230,0
DA:231,0
FN:234,Bridge.setDelayedInbox
FNDA:0,Bridge.setDelayedInbox
DA:235,0
DA:236,0
DA:237,0
DA:238,0
BRDA:238,8,0,-
BRDA:238,8,1,-
DA:239,0
DA:241,0
BRDA:241,9,0,-
BRDA:241,9,1,-
DA:242,0
DA:243,0
DA:245,0
DA:248,0
DA:249,0
DA:250,0
FN:254,Bridge.setOutbox
FNDA:0,Bridge.setOutbox
DA:255,0
BRDA:255,10,0,-
BRDA:255,10,1,-
DA:257,0
DA:258,0
DA:259,0
DA:260,0
BRDA:260,11,0,-
BRDA:260,11,1,-
DA:261,0
DA:263,0
BRDA:263,12,0,-
BRDA:263,12,1,-
DA:264,0
DA:265,0
DA:267,0
DA:268,0
DA:269,0
DA:270,0
FN:274,Bridge.setSequencerReportedSubMessageCount
FNDA:0,Bridge.setSequencerReportedSubMessageCount
DA:275,0
FN:278,Bridge.delayedMessageCount
FNDA:33,Bridge.delayedMessageCount
DA:279,33
FN:282,Bridge.sequencerMessageCount
FNDA:121,Bridge.sequencerMessageCount
DA:283,121
FN:287,Bridge.acceptFundsFromOldBridge
FNDA:0,Bridge.acceptFundsFromOldBridge
FNF:17
FNH:3
LF:70
LH:12
BRF:26
BRH:3
end_of_record
TN:
SF:src/bridge/Inbox.sol
FN:61,Inbox.setAllowList
FNDA:0,Inbox.setAllowList
DA:62,0
BRDA:62,0,0,-
BRDA:62,0,1,-
DA:64,0
DA:65,0
DA:66,0
FN:70,Inbox.setAllowListEnabled
FNDA:0,Inbox.setAllowListEnabled
DA:71,0
BRDA:71,1,0,-
BRDA:71,1,1,-
DA:72,0
DA:73,0
FN:101,Inbox._chainIdChanged
FNDA:0,Inbox._chainIdChanged
DA:102,0
FN:106,Inbox.pause
FNDA:0,Inbox.pause
DA:107,0
FN:111,Inbox.unpause
FNDA:0,Inbox.unpause
DA:112,0
FN:115,Inbox.initialize
FNDA:0,Inbox.initialize
DA:120,0
DA:121,0
DA:122,0
DA:123,0
FN:127,Inbox.postUpgradeInit
FNDA:0,Inbox.postUpgradeInit
FN:130,Inbox.sendL2MessageFromOrigin
FNDA:0,Inbox.sendL2MessageFromOrigin
DA:136,0
BRDA:136,2,0,-
BRDA:136,2,1,-
DA:138,0
BRDA:138,3,0,-
BRDA:138,3,1,-
DA:139,0
BRDA:139,4,0,-
BRDA:139,4,1,-
DA:140,0
DA:141,0
DA:142,0
DA:143,0
FN:147,Inbox.sendL2Message
FNDA:0,Inbox.sendL2Message
DA:153,0
BRDA:153,5,0,-
BRDA:153,5,1,-
DA:154,0
FN:157,Inbox.sendL1FundedUnsignedTransaction
FNDA:0,Inbox.sendL1FundedUnsignedTransaction
DA:165,0
BRDA:165,6,0,-
BRDA:165,6,1,-
DA:166,0
DA:168,0
DA:169,0
FN:184,Inbox.sendL1FundedContractTransaction
FNDA:0,Inbox.sendL1FundedContractTransaction
DA:191,0
BRDA:191,7,0,-
BRDA:191,7,1,-
DA:192,0
DA:194,0
DA:195,0
FN:209,Inbox.sendUnsignedTransaction
FNDA:0,Inbox.sendUnsignedTransaction
DA:218,0
BRDA:218,8,0,-
BRDA:218,8,1,-
DA:219,0
DA:221,0
DA:222,0
FN:237,Inbox.sendContractTransaction
FNDA:0,Inbox.sendContractTransaction
DA:245,0
BRDA:245,9,0,-
BRDA:245,9,1,-
DA:246,0
DA:248,0
DA:249,0
FN:264,Inbox.sendL1FundedUnsignedTransactionToFork
FNDA:0,Inbox.sendL1FundedUnsignedTransactionToFork
DA:271,0
BRDA:271,10,0,-
BRDA:271,10,1,-
DA:273,0
BRDA:273,11,0,-
BRDA:273,11,1,-
DA:275,0
BRDA:275,12,0,-
BRDA:275,12,1,-
DA:276,0
DA:278,0
DA:279,0
FN:296,Inbox.sendUnsignedTransactionToFork
FNDA:0,Inbox.sendUnsignedTransactionToFork
DA:304,0
BRDA:304,13,0,-
BRDA:304,13,1,-
DA:306,0
BRDA:306,14,0,-
BRDA:306,14,1,-
DA:308,0
BRDA:308,15,0,-
BRDA:308,15,1,-
DA:309,0
DA:311,0
DA:312,0
FN:329,Inbox.sendWithdrawEthToFork
FNDA:0,Inbox.sendWithdrawEthToFork
DA:336,0
BRDA:336,16,0,-
BRDA:336,16,1,-
DA:338,0
BRDA:338,17,0,-
BRDA:338,17,1,-
DA:340,0
BRDA:340,18,0,-
BRDA:340,18,1,-
DA:341,0
DA:343,0
DA:344,0
FN:361,Inbox.calculateRetryableSubmissionFee
FNDA:0,Inbox.calculateRetryableSubmissionFee
DA:367,0
FN:371,Inbox.depositEth
FNDA:0,Inbox.depositEth
DA:372,0
DA:375,0
BRDA:375,19,0,-
BRDA:375,19,1,-
DA:377,0
DA:380,0
DA:381,0
FN:389,Inbox.depositEth
FNDA:0,Inbox.depositEth
DA:390,0
FN:407,Inbox.createRetryableTicketNoRefundAliasRewrite
FNDA:0,Inbox.createRetryableTicketNoRefundAliasRewrite
DA:418,0
DA:419,0
FN:432,Inbox.createRetryableTicket
FNDA:0,Inbox.createRetryableTicket
DA:443,0
BRDA:443,20,0,-
BRDA:443,20,1,-
DA:444,0
DA:453,0
BRDA:453,21,0,-
BRDA:453,21,1,-
DA:454,0
DA:456,0
BRDA:456,22,0,-
BRDA:456,22,1,-
DA:458,0
DA:462,0
DA:463,0
FN:476,Inbox.unsafeCreateRetryableTicket
FNDA:0,Inbox.unsafeCreateRetryableTicket
DA:488,0
BRDA:488,23,0,-
BRDA:488,23,1,-
DA:489,0
DA:503,0
BRDA:503,24,0,-
BRDA:503,24,1,-
DA:504,0
DA:507,0
DA:508,0
BRDA:508,25,0,-
BRDA:508,25,1,-
DA:509,0
DA:511,0
DA:512,0
FN:531,Inbox._deliverMessage
FNDA:0,Inbox._deliverMessage
DA:536,0
BRDA:536,26,0,-
BRDA:536,26,1,-
DA:537,0
DA:538,0
DA:539,0
DA:540,0
FN:543,Inbox.deliverToBridge
FNDA:0,Inbox.deliverToBridge
DA:548,0
DA:549,0
FNF:24
FNH:0
LF:90
LH:0
BRF:54
BRH:0
end_of_record
TN:
SF:src/bridge/Messages.sol
FN:8,Messages.messageHash
FNDA:0,Messages.messageHash
DA:17,0
DA:18,0
FN:31,Messages.accumulateInboxMessage
FNDA:0,Messages.accumulateInboxMessage
DA:36,0
FNF:2
FNH:0
LF:3
LH:0
BRF:0
BRH:0
end_of_record
TN:
SF:src/bridge/Outbox.sol
FN:54,Outbox.initialize
FNDA:0,Outbox.initialize
DA:55,0
BRDA:55,0,0,-
BRDA:55,0,1,-
DA:56,0
BRDA:56,1,0,-
BRDA:56,1,1,-
DA:60,0
DA:67,0
DA:68,0
FN:72,Outbox.updateRollupAddress
FNDA:0,Outbox.updateRollupAddress
DA:73,0
FN:76,Outbox.updateSendRoot
FNDA:19,Outbox.updateSendRoot
DA:77,19
BRDA:77,2,0,-
BRDA:77,2,1,19
DA:78,19
DA:79,19
FN:83,Outbox.l2ToL1Sender
FNDA:0,Outbox.l2ToL1Sender
DA:84,0
DA:86,0
BRDA:86,3,0,-
BRDA:86,3,1,-
DA:87,0
FN:91,Outbox.l2ToL1Block
FNDA:0,Outbox.l2ToL1Block
DA:92,0
DA:94,0
BRDA:94,4,0,-
BRDA:94,4,1,-
DA:95,0
FN:99,Outbox.l2ToL1EthBlock
FNDA:0,Outbox.l2ToL1EthBlock
DA:100,0
DA:102,0
BRDA:102,5,0,-
BRDA:102,5,1,-
DA:103,0
FN:107,Outbox.l2ToL1Timestamp
FNDA:0,Outbox.l2ToL1Timestamp
DA:108,0
DA:110,0
BRDA:110,6,0,-
BRDA:110,6,1,-
DA:111,0
FN:115,Outbox.l2ToL1BatchNum
FNDA:0,Outbox.l2ToL1BatchNum
DA:116,0
FN:120,Outbox.l2ToL1OutputId
FNDA:0,Outbox.l2ToL1OutputId
DA:121,0
DA:123,0
BRDA:123,7,0,-
BRDA:123,7,1,-
DA:124,0
FN:128,Outbox.executeTransaction
FNDA:0,Outbox.executeTransaction
DA:139,0
DA:149,0
DA:151,0
FN:155,Outbox.executeTransactionSimulation
FNDA:0,Outbox.executeTransactionSimulation
DA:165,0
BRDA:165,8,0,-
BRDA:165,8,1,-
DA:166,0
FN:169,Outbox.executeTransactionImpl
FNDA:0,Outbox.executeTransactionImpl
DA:179,0
DA:183,0
DA:185,0
DA:194,0
DA:196,0
FN:199,Outbox._calcSpentIndexOffset
FNDA:0,Outbox._calcSpentIndexOffset
DA:208,0
DA:209,0
DA:210,0
DA:211,0
FN:214,Outbox._isSpent
FNDA:0,Outbox._isSpent
DA:215,0
FN:219,Outbox.isSpent
FNDA:0,Outbox.isSpent
DA:220,0
DA:221,0
FN:224,Outbox.recordOutputAsSpent
FNDA:0,Outbox.recordOutputAsSpent
DA:229,0
BRDA:229,9,0,-
BRDA:229,9,1,-
DA:230,0
BRDA:230,10,0,-
BRDA:230,10,1,-
DA:233,0
DA:234,0
BRDA:234,11,0,-
BRDA:234,11,1,-
DA:236,0
DA:238,0
BRDA:238,12,0,-
BRDA:238,12,1,-
DA:239,0
FN:242,Outbox.executeBridgeCall
FNDA:0,Outbox.executeBridgeCall
DA:247,0
DA:248,0
BRDA:248,13,0,-
BRDA:248,13,1,-
DA:249,0
BRDA:249,14,0,-
BRDA:249,14,1,-
DA:256,0
FN:261,Outbox.calculateItemHash
FNDA:0,Outbox.calculateItemHash
DA:270,0
DA:271,0
FN:274,Outbox.calculateMerkleRoot
FNDA:0,Outbox.calculateMerkleRoot
DA:279,0
FNF:19
FNH:1
LF:56
LH:3
BRF:30
BRH:1
end_of_record
TN:
SF:src/bridge/SequencerInbox.sol
FN:75,SequencerInbox._chainIdChanged
FNDA:1,SequencerInbox._chainIdChanged
DA:76,1
FN:79,SequencerInbox.initialize
FNDA:0,SequencerInbox.initialize
DA:83,0
BRDA:83,0,0,-
BRDA:83,0,1,-
DA:84,0
BRDA:84,1,0,-
BRDA:84,1,1,-
DA:85,0
DA:86,0
DA:87,0
FN:91,SequencerInbox.updateRollupAddress
FNDA:0,SequencerInbox.updateRollupAddress
DA:92,0
FN:95,SequencerInbox.getTimeBounds
FNDA:33,SequencerInbox.getTimeBounds
DA:96,33
DA:97,33
BRDA:97,2,0,-
BRDA:97,2,1,33
DA:98,0
DA:100,33
DA:101,33
BRDA:101,3,0,-
BRDA:101,3,1,33
DA:102,0
DA:104,33
DA:105,33
FN:109,SequencerInbox.removeDelayAfterFork
FNDA:1,SequencerInbox.removeDelayAfterFork
DA:110,1
BRDA:110,4,0,1
BRDA:110,4,1,-
DA:111,0
FN:120,SequencerInbox.forceInclusion
FNDA:0,SequencerInbox.forceInclusion
DA:128,0
BRDA:128,5,0,-
BRDA:128,5,1,-
DA:129,0
DA:139,0
BRDA:139,6,0,-
BRDA:139,6,1,-
DA:140,0
DA:141,0
BRDA:141,7,0,-
BRDA:141,7,1,-
DA:142,0
DA:145,0
DA:146,0
BRDA:146,8,0,-
BRDA:146,8,1,-
DA:147,0
DA:150,0
DA:151,0
BRDA:149,9,0,-
BRDA:149,9,1,-
DA:152,0
DA:154,0
DA:157,0
DA:158,0
DA:159,0
DA:162,0
DA:167,0
DA:174,0
FN:186,SequencerInbox.addSequencerL2BatchFromOrigin
FNDA:0,SequencerInbox.addSequencerL2BatchFromOrigin
DA:193,0
BRDA:193,10,0,-
BRDA:193,10,1,-
DA:194,0
BRDA:194,11,0,-
BRDA:194,11,1,-
DA:196,0
DA:200,0
DA:205,0
DA:206,0
BRDA:206,12,0,-
BRDA:206,12,1,-
DA:207,0
DA:208,0
FN:219,SequencerInbox.addSequencerL2BatchFromOrigin
FNDA:0,SequencerInbox.addSequencerL2BatchFromOrigin
DA:228,0
BRDA:228,13,0,-
BRDA:228,13,1,-
DA:229,0
BRDA:229,14,0,-
BRDA:229,14,1,-
DA:230,0
DA:235,0
DA:236,0
DA:237,0
DA:238,0
DA:239,0
DA:240,0
DA:241,0
DA:242,0
DA:247,0
DA:254,0
BRDA:254,15,0,-
BRDA:254,15,1,-
DA:255,0
DA:256,0
FN:267,SequencerInbox.addSequencerL2Batch
FNDA:34,SequencerInbox.addSequencerL2Batch
DA:275,34
BRDA:275,16,0,1
BRDA:275,16,1,33
DA:276,33
DA:280,33
DA:283,33
DA:284,33
DA:285,33
DA:286,33
DA:287,33
DA:288,33
DA:291,33
DA:292,33
DA:293,33
DA:294,33
DA:301,33
BRDA:301,17,0,-
BRDA:301,17,1,33
DA:302,0
DA:303,33
DA:313,33
FN:332,SequencerInbox.packHeader
FNDA:33,SequencerInbox.packHeader
DA:337,33
DA:338,33
DA:346,33
BRDA:346,18,0,-
BRDA:346,18,1,33
DA:347,33
FN:350,SequencerInbox.formDataHash
FNDA:33,SequencerInbox.formDataHash
DA:356,33
DA:357,33
DA:358,33
FN:361,SequencerInbox.formEmptyDataHash
FNDA:0,SequencerInbox.formEmptyDataHash
DA:366,0
DA:367,0
FN:370,SequencerInbox.addSequencerL2BatchImpl
FNDA:33,SequencerInbox.addSequencerL2BatchImpl
DA:385,33
BRDA:385,19,0,-
BRDA:385,19,1,33
DA:386,33
BRDA:386,20,0,-
BRDA:386,20,1,33
DA:388,33
DA:395,33
DA:397,33
BRDA:397,21,0,-
BRDA:397,21,1,-
DA:400,0
DA:401,0
DA:402,0
BRDA:402,22,0,-
BRDA:402,22,1,-
DA:404,0
DA:405,0
DA:406,0
BRDA:406,23,0,-
BRDA:406,23,1,-
DA:407,0
DA:416,0
DA:424,0
DA:429,0
FN:433,SequencerInbox.inboxAccs
FNDA:0,SequencerInbox.inboxAccs
DA:434,0
FN:437,SequencerInbox.batchCount
FNDA:0,SequencerInbox.batchCount
DA:438,0
FN:442,SequencerInbox.setMaxTimeVariation
FNDA:0,SequencerInbox.setMaxTimeVariation
DA:446,0
DA:447,0
FN:451,SequencerInbox.setIsBatchPoster
FNDA:0,SequencerInbox.setIsBatchPoster
DA:452,0
DA:453,0
FN:457,SequencerInbox.setValidKeyset
FNDA:0,SequencerInbox.setValidKeyset
DA:458,0
DA:459,0
DA:460,0
BRDA:460,24,0,-
BRDA:460,24,1,-
DA:462,0
BRDA:462,25,0,-
BRDA:462,25,1,-
DA:463,0
DA:464,0
BRDA:464,26,0,-
BRDA:464,26,1,-
DA:465,0
DA:467,0
DA:471,0
DA:472,0
FN:476,SequencerInbox.invalidateKeysetHash
FNDA:0,SequencerInbox.invalidateKeysetHash
DA:477,0
BRDA:477,27,0,-
BRDA:477,27,1,-
DA:481,0
DA:482,0
DA:483,0
FN:487,SequencerInbox.setIsSequencer
FNDA:0,SequencerInbox.setIsSequencer
DA:488,0
DA:489,0
FN:492,SequencerInbox.isValidKeysetHash
FNDA:0,SequencerInbox.isValidKeysetHash
DA:493,0
FN:497,SequencerInbox.getKeysetCreationBlock
FNDA:0,SequencerInbox.getKeysetCreationBlock
DA:498,0
DA:499,0
BRDA:499,28,0,-
BRDA:499,28,1,-
DA:500,0
FNF:22
FNH:7
LF:126
LH:36
BRF:58
BRH:9
end_of_record
TN:
SF:src/challenge/OldChallengeLib.sol
FN:43,OldChallengeLib.timeUsedSinceLastMove
FNDA:0,OldChallengeLib.timeUsedSinceLastMove
DA:44,0
FN:47,OldChallengeLib.isTimedOut
FNDA:0,OldChallengeLib.isTimedOut
DA:48,0
FN:51,OldChallengeLib.getStartMachineHash
FNDA:0,OldChallengeLib.getStartMachineHash
DA:57,0
DA:58,0
DA:59,0
DA:60,0
DA:61,0
DA:62,0
DA:63,0
DA:64,0
DA:66,0
DA:77,0
FN:80,OldChallengeLib.getEndMachineHash
FNDA:0,OldChallengeLib.getEndMachineHash
DA:85,0
BRDA:85,0,0,-
BRDA:85,0,1,-
DA:86,0
DA:87,0
BRDA:87,1,0,-
BRDA:87,1,1,-
DA:88,0
DA:90,0
FN:94,OldChallengeLib.extractChallengeSegment
FNDA:0,OldChallengeLib.extractChallengeSegment
DA:99,0
DA:100,0
DA:102,0
DA:103,0
BRDA:103,2,0,-
BRDA:103,2,1,-
DA:104,0
FN:108,OldChallengeLib.hashChallengeState
FNDA:0,OldChallengeLib.hashChallengeState
DA:113,0
FN:116,OldChallengeLib.blockStateHash
FNDA:0,OldChallengeLib.blockStateHash
DA:121,0
BRDA:121,3,0,-
BRDA:121,3,1,-
DA:122,0
DA:123,0
BRDA:123,4,0,-
BRDA:123,4,1,-
DA:124,0
DA:126,0
FNF:7
FNH:0
LF:28
LH:0
BRF:10
BRH:0
end_of_record
TN:
SF:src/challenge/OldChallengeManager.sol
FN:39,OldChallengeManager.challengeInfo
FNDA:0,OldChallengeManager.challengeInfo
DA:45,0
FN:99,OldChallengeManager.initialize
FNDA:0,OldChallengeManager.initialize
DA:105,0
BRDA:105,0,0,-
BRDA:105,0,1,-
DA:106,0
BRDA:106,1,0,-
BRDA:106,1,1,-
DA:107,0
DA:108,0
DA:109,0
DA:110,0
FN:113,OldChallengeManager.createChallenge
FNDA:0,OldChallengeManager.createChallenge
DA:123,0
BRDA:123,2,0,-
BRDA:123,2,1,-
DA:124,0
DA:125,0
DA:129,0
DA:134,0
DA:136,0
BRDA:136,3,0,-
BRDA:136,3,1,-
DA:137,0
DA:138,0
DA:141,0
DA:143,0
DA:144,0
BRDA:142,4,0,-
BRDA:142,4,1,-
DA:146,0
DA:148,0
DA:149,0
DA:150,0
DA:154,0
DA:155,0
DA:157,0
DA:162,0
DA:163,0
FN:171,OldChallengeManager.bisectExecution
FNDA:0,OldChallengeManager.bisectExecution
DA:176,0
DA:179,0
BRDA:179,5,0,-
BRDA:179,5,1,-
DA:181,0
DA:182,0
BRDA:182,6,0,-
BRDA:182,6,1,-
DA:183,0
DA:185,0
BRDA:185,7,0,-
BRDA:185,7,1,-
DA:188,0
DA:190,0
FN:193,OldChallengeManager.challengeExecution
FNDA:0,OldChallengeManager.challengeExecution
DA:200,0
BRDA:200,8,0,-
BRDA:200,8,1,-
DA:201,0
BRDA:201,9,0,-
BRDA:201,9,1,-
DA:202,0
DA:208,0
DA:209,0
DA:211,0
BRDA:211,10,0,-
BRDA:211,10,1,-
DA:213,0
BRDA:213,11,0,-
BRDA:213,11,1,-
DA:215,0
BRDA:215,12,0,-
BRDA:215,12,1,-
DA:220,0
DA:221,0
DA:224,0
BRDA:224,13,0,-
BRDA:224,13,1,-
DA:226,0
BRDA:226,14,0,-
BRDA:226,14,1,-
DA:229,0
DA:230,0
DA:234,0
DA:236,0
DA:238,0
DA:240,0
FN:243,OldChallengeManager.oneStepProveExecution
FNDA:0,OldChallengeManager.oneStepProveExecution
DA:248,0
DA:249,0
DA:251,0
DA:252,0
DA:253,0
BRDA:253,15,0,-
BRDA:253,15,1,-
DA:256,0
DA:262,0
BRDA:262,16,0,-
BRDA:262,16,1,-
DA:267,0
DA:268,0
FN:271,OldChallengeManager.timeout
FNDA:0,OldChallengeManager.timeout
DA:272,0
BRDA:272,17,0,-
BRDA:272,17,1,-
DA:273,0
BRDA:273,18,0,-
BRDA:273,18,1,-
DA:274,0
FN:277,OldChallengeManager.clearChallenge
FNDA:0,OldChallengeManager.clearChallenge
DA:278,0
BRDA:278,19,0,-
BRDA:278,19,1,-
DA:279,0
BRDA:279,20,0,-
BRDA:279,20,1,-
DA:280,0
DA:281,0
FN:284,OldChallengeManager.currentResponder
FNDA:0,OldChallengeManager.currentResponder
DA:285,0
FN:288,OldChallengeManager.isTimedOut
FNDA:0,OldChallengeManager.isTimedOut
DA:289,0
FN:292,OldChallengeManager.requireValidBisection
FNDA:0,OldChallengeManager.requireValidBisection
DA:297,0
BRDA:297,21,0,-
BRDA:297,21,1,-
DA:298,0
BRDA:298,22,0,-
BRDA:298,22,1,-
FN:301,OldChallengeManager.completeBisection
FNDA:0,OldChallengeManager.completeBisection
DA:307,0
BRDA:307,23,0,-
BRDA:307,23,1,-
DA:308,0
BRDA:308,24,0,-
BRDA:308,24,1,-
DA:310,0
DA:315,0
DA:317,0
FN:327,OldChallengeManager._nextWin
FNDA:0,OldChallengeManager._nextWin
DA:328,0
DA:329,0
DA:330,0
DA:331,0
DA:332,0
DA:333,0
FN:341,OldChallengeManager._currentWin
FNDA:0,OldChallengeManager._currentWin
DA:345,0
DA:346,0
FNF:14
FNH:0
LF:86
LH:0
BRF:50
BRH:0
end_of_record
TN:
SF:src/challengeV2/EdgeChallengeManager.sol
FN:291,EdgeChallengeManager.initialize
FNDA:29,EdgeChallengeManager.initialize
DA:302,29
BRDA:302,0,0,-
BRDA:302,0,1,29
DA:303,0
DA:305,29
DA:306,29
BRDA:306,1,0,-
BRDA:306,1,1,29
DA:307,0
DA:309,29
DA:310,29
BRDA:310,2,0,-
BRDA:310,2,1,29
DA:311,0
DA:313,29
DA:315,29
DA:316,29
DA:317,29
BRDA:317,3,0,-
BRDA:317,3,1,29
DA:318,0
DA:320,29
DA:322,29
BRDA:322,4,0,-
BRDA:322,4,1,29
DA:323,0
DA:325,29
DA:326,29
BRDA:326,5,0,-
BRDA:326,5,1,29
DA:327,0
DA:329,29
DA:330,29
BRDA:330,6,0,-
BRDA:330,6,1,29
DA:331,0
DA:333,29
FN:341,EdgeChallengeManager.createLayerZeroEdge
FNDA:114,EdgeChallengeManager.createLayerZeroEdge
DA:342,114
DA:343,114
DA:344,114
DA:345,114
BRDA:345,7,0,-
BRDA:345,7,1,61
DA:347,62
BRDA:347,8,0,1
BRDA:347,8,1,61
DA:348,1
DA:350,61
DA:351,61
DA:353,61
DA:357,61
DA:364,61
DA:373,61
DA:375,52
DA:378,99
DA:379,99
DA:386,99
BRDA:386,9,0,56
BRDA:386,9,1,43
DA:390,99
DA:391,99
DA:394,99
DA:404,99
FN:408,EdgeChallengeManager.bisectEdge
FNDA:409,EdgeChallengeManager.bisectEdge
DA:412,409
DA:413,409
DA:415,409
DA:418,409
BRDA:418,10,0,409
BRDA:418,10,1,409
DA:419,409
DA:431,409
DA:442,409
DA:444,409
FN:448,EdgeChallengeManager.confirmEdgeByChildren
FNDA:125,EdgeChallengeManager.confirmEdgeByChildren
DA:449,125
DA:451,125
FN:455,EdgeChallengeManager.confirmEdgeByClaim
FNDA:17,EdgeChallengeManager.confirmEdgeByClaim
DA:456,17
DA:458,17
FN:462,EdgeChallengeManager.confirmEdgeByTime
FNDA:137,EdgeChallengeManager.confirmEdgeByTime
DA:468,137
DA:469,137
DA:471,137
BRDA:471,11,0,-
BRDA:471,11,1,137
DA:472,0
DA:474,137
BRDA:474,12,0,-
BRDA:474,12,1,137
DA:475,0
DA:478,137
DA:482,137
DA:483,137
BRDA:483,13,0,-
BRDA:483,13,1,137
DA:484,137
DA:490,137
DA:495,0
DA:498,137
DA:499,137
DA:501,137
FN:505,EdgeChallengeManager.confirmEdgeByOneStepProof
FNDA:7,EdgeChallengeManager.confirmEdgeByOneStepProof
DA:512,7
DA:514,7
DA:516,7
DA:522,7
DA:526,7
FN:530,EdgeChallengeManager.refundStake
FNDA:7,EdgeChallengeManager.refundStake
DA:531,7
DA:533,7
DA:535,2
DA:536,2
DA:538,2
BRDA:538,14,0,2
BRDA:538,14,1,2
DA:539,2
DA:542,2
FN:550,EdgeChallengeManager.getLayerZeroEndHeight
FNDA:0,EdgeChallengeManager.getLayerZeroEndHeight
DA:551,114
BRDA:551,15,0,62
BRDA:551,15,1,52
DA:552,62
DA:553,52
BRDA:553,16,0,32
BRDA:553,16,1,20
DA:554,32
DA:555,20
BRDA:555,17,0,20
BRDA:555,17,1,-
DA:556,20
DA:558,0
FN:563,EdgeChallengeManager.calculateEdgeId
FNDA:0,EdgeChallengeManager.calculateEdgeId
DA:571,0
DA:572,0
FN:576,EdgeChallengeManager.calculateMutualId
FNDA:0,EdgeChallengeManager.calculateMutualId
DA:583,0
FN:587,EdgeChallengeManager.edgeExists
FNDA:0,EdgeChallengeManager.edgeExists
DA:588,0
FN:592,EdgeChallengeManager.getEdge
FNDA:20,EdgeChallengeManager.getEdge
DA:593,20
FN:597,EdgeChallengeManager.edgeLength
FNDA:0,EdgeChallengeManager.edgeLength
DA:598,0
FN:602,EdgeChallengeManager.hasRival
FNDA:0,EdgeChallengeManager.hasRival
DA:603,0
FN:607,EdgeChallengeManager.hasLengthOneRival
FNDA:0,EdgeChallengeManager.hasLengthOneRival
DA:608,0
FN:612,EdgeChallengeManager.timeUnrivaled
FNDA:42,EdgeChallengeManager.timeUnrivaled
DA:613,42
FN:617,EdgeChallengeManager.getPrevAssertionHash
FNDA:36,EdgeChallengeManager.getPrevAssertionHash
DA:618,36
FN:622,EdgeChallengeManager.firstRival
FNDA:0,EdgeChallengeManager.firstRival
DA:623,0
FNF:19
FNH:11
LF:100
LH:81
BRF:36
BRH:24
end_of_record
TN:
SF:src/challengeV2/libraries/ArrayUtilsLib.sol
FN:13,ArrayUtilsLib.append
FNDA:0,ArrayUtilsLib.append
DA:14,0
DA:15,0
DA:16,0
DA:18,0
DA:19,0
FN:27,ArrayUtilsLib.slice
FNDA:0,ArrayUtilsLib.slice
DA:32,0
BRDA:32,0,0,-
BRDA:32,0,1,-
DA:33,0
BRDA:33,1,0,-
BRDA:33,1,1,-
DA:35,0
DA:36,0
DA:37,0
DA:39,0
FN:45,ArrayUtilsLib.concat
FNDA:0,ArrayUtilsLib.concat
DA:46,0
DA:47,0
DA:48,0
DA:50,0
DA:51,0
DA:53,0
FNF:3
FNH:0
LF:17
LH:0
BRF:4
BRH:0
end_of_record
TN:
SF:src/challengeV2/libraries/ChallengeEdgeLib.sol
FN:62,ChallengeEdgeLib.newEdgeChecks
FNDA:917,ChallengeEdgeLib.newEdgeChecks
DA:69,917
BRDA:69,0,0,-
BRDA:69,0,1,917
DA:70,0
DA:72,917
BRDA:72,1,0,-
BRDA:72,1,1,917
DA:73,0
DA:75,917
BRDA:75,2,0,-
BRDA:75,2,1,917
DA:76,0
DA:78,917
BRDA:78,3,0,-
BRDA:78,3,1,917
DA:79,0
FN:86,ChallengeEdgeLib.newLayerZeroEdge
FNDA:99,ChallengeEdgeLib.newLayerZeroEdge
DA:96,99
BRDA:96,4,0,-
BRDA:96,4,1,99
DA:97,0
DA:99,99
BRDA:99,5,0,-
BRDA:99,5,1,99
DA:100,0
DA:103,99
DA:105,99
FN:124,ChallengeEdgeLib.newChildEdge
FNDA:818,ChallengeEdgeLib.newChildEdge
DA:132,818
DA:134,818
FN:155,ChallengeEdgeLib.mutualIdComponent
FNDA:5603,ChallengeEdgeLib.mutualIdComponent
DA:162,5603
FN:169,ChallengeEdgeLib.mutualId
FNDA:2238,ChallengeEdgeLib.mutualId
DA:170,2238
FN:174,ChallengeEdgeLib.idComponent
FNDA:2448,ChallengeEdgeLib.idComponent
DA:182,2448
FN:193,ChallengeEdgeLib.idMem
FNDA:1326,ChallengeEdgeLib.idMem
DA:194,1326
FN:200,ChallengeEdgeLib.id
FNDA:1122,ChallengeEdgeLib.id
DA:201,1122
FN:207,ChallengeEdgeLib.exists
FNDA:6135,ChallengeEdgeLib.exists
DA:209,6135
FN:213,ChallengeEdgeLib.length
FNDA:975,ChallengeEdgeLib.length
DA:214,975
DA:216,975
BRDA:216,6,0,-
BRDA:216,6,1,975
DA:217,0
DA:219,975
FN:224,ChallengeEdgeLib.setChildren
FNDA:409,ChallengeEdgeLib.setChildren
DA:225,409
BRDA:225,7,0,-
BRDA:225,7,1,409
DA:226,0
DA:228,409
DA:229,409
FN:234,ChallengeEdgeLib.setConfirmed
FNDA:286,ChallengeEdgeLib.setConfirmed
DA:235,286
BRDA:235,8,0,-
BRDA:235,8,1,286
DA:236,0
DA:238,286
FN:242,ChallengeEdgeLib.isLayerZero
FNDA:141,ChallengeEdgeLib.isLayerZero
DA:243,141
FN:248,ChallengeEdgeLib.setRefunded
FNDA:7,ChallengeEdgeLib.setRefunded
DA:249,7
BRDA:249,9,0,1
BRDA:249,9,1,6
DA:250,1
DA:252,6
BRDA:252,10,0,2
BRDA:252,10,1,4
DA:253,2
DA:255,4
BRDA:255,11,0,1
BRDA:255,11,1,3
DA:256,1
DA:258,3
BRDA:258,12,0,1
BRDA:258,12,1,2
DA:259,1
DA:262,2
FNF:14
FNH:14
LF:43
LH:34
BRF:26
BRH:17
end_of_record
TN:
SF:src/challengeV2/libraries/EdgeChallengeManagerLib.sol
FN:127,EdgeChallengeManagerLib.get
FNDA:0,EdgeChallengeManagerLib.get
DA:128,0
BRDA:128,0,0,-
BRDA:128,0,1,-
DA:129,0
DA:131,0
FN:138,EdgeChallengeManagerLib.getNoCheck
FNDA:0,EdgeChallengeManagerLib.getNoCheck
DA:139,0
FN:146,EdgeChallengeManagerLib.add
FNDA:0,EdgeChallengeManagerLib.add
DA:147,0
DA:149,0
BRDA:149,1,0,-
BRDA:149,1,1,-
DA:150,0
DA:152,0
DA:158,0
DA:161,0
DA:168,0
BRDA:168,2,0,-
BRDA:168,2,1,-
DA:169,0
DA:170,0
BRDA:170,3,0,-
BRDA:170,3,1,-
DA:171,0
DA:177,0
FN:199,EdgeChallengeManagerLib.layerZeroTypeSpecificChecks
FNDA:0,EdgeChallengeManagerLib.layerZeroTypeSpecificChecks
DA:205,0
BRDA:205,4,0,-
BRDA:205,4,1,-
DA:209,0
DA:214,0
BRDA:214,5,0,-
BRDA:214,5,1,-
DA:215,0
DA:217,0
BRDA:217,6,0,-
BRDA:217,6,1,-
DA:218,0
DA:222,0
BRDA:222,7,0,-
BRDA:222,7,1,-
DA:223,0
DA:228,0
BRDA:228,8,0,-
BRDA:228,8,1,-
DA:229,0
DA:233,0
BRDA:233,9,0,-
BRDA:233,9,1,-
DA:234,0
DA:236,0
DA:237,0
DA:240,0
BRDA:240,10,0,-
BRDA:240,10,1,-
DA:241,0
DA:243,0
BRDA:243,11,0,-
BRDA:243,11,1,-
DA:244,0
DA:248,0
DA:249,0
DA:251,0
DA:255,0
BRDA:255,12,0,-
BRDA:255,12,1,-
DA:256,0
DA:260,0
DA:265,0
DA:269,0
BRDA:269,13,0,-
BRDA:269,13,1,-
DA:270,0
DA:274,0
BRDA:274,14,0,-
BRDA:274,14,1,-
DA:275,0
DA:279,0
BRDA:279,15,0,-
BRDA:279,15,1,-
DA:280,0
DA:282,0
DA:288,0
DA:293,0
DA:303,0
DA:307,0
FN:312,EdgeChallengeManagerLib.isPowerOfTwo
FNDA:0,EdgeChallengeManagerLib.isPowerOfTwo
DA:314,0
BRDA:314,16,0,-
BRDA:314,16,1,-
DA:315,0
DA:319,0
DA:322,0
FN:329,EdgeChallengeManagerLib.layerZeroCommonChecks
FNDA:0,EdgeChallengeManagerLib.layerZeroCommonChecks
DA:336,0
DA:340,0
BRDA:340,17,0,-
BRDA:340,17,1,-
DA:341,0
DA:348,0
BRDA:348,18,0,-
BRDA:348,18,1,-
DA:349,0
DA:356,0
DA:363,0
BRDA:363,19,0,-
BRDA:363,19,1,-
DA:364,0
DA:366,0
DA:367,0
DA:368,0
DA:372,0
FN:376,EdgeChallengeManagerLib.toLayerZeroEdge
FNDA:0,EdgeChallengeManagerLib.toLayerZeroEdge
DA:381,0
FN:395,EdgeChallengeManagerLib.createLayerZeroEdge
FNDA:0,EdgeChallengeManagerLib.createLayerZeroEdge
DA:403,0
DA:404,0
DA:406,0
DA:408,0
DA:409,0
FN:414,EdgeChallengeManagerLib.getPrevAssertionHash
FNDA:0,EdgeChallengeManagerLib.getPrevAssertionHash
DA:415,0
DA:418,0
BRDA:418,20,0,-
BRDA:418,20,1,-
DA:419,0
DA:420,0
DA:424,0
BRDA:424,21,0,-
BRDA:424,21,1,-
DA:425,0
DA:426,0
DA:430,0
BRDA:430,22,0,-
BRDA:430,22,1,-
DA:431,0
DA:435,0
FN:443,EdgeChallengeManagerLib.hasRival
FNDA:0,EdgeChallengeManagerLib.hasRival
DA:444,0
BRDA:444,23,0,-
BRDA:444,23,1,-
DA:445,0
DA:449,0
DA:450,0
DA:452,0
BRDA:452,24,0,-
BRDA:452,24,1,-
DA:453,0
DA:457,0
FN:463,EdgeChallengeManagerLib.hasLengthOneRival
FNDA:0,EdgeChallengeManagerLib.hasLengthOneRival
DA:465,0
FN:472,EdgeChallengeManagerLib.timeUnrivaled
FNDA:0,EdgeChallengeManagerLib.timeUnrivaled
DA:473,0
BRDA:473,25,0,-
BRDA:473,25,1,-
DA:474,0
DA:477,0
DA:478,0
DA:480,0
BRDA:480,26,0,-
BRDA:480,26,1,-
DA:481,0
DA:486,0
BRDA:486,27,0,-
BRDA:486,27,1,-
DA:487,0
DA:490,0
BRDA:490,28,0,-
BRDA:490,28,1,-
DA:491,0
DA:495,0
DA:496,0
DA:497,0
BRDA:497,29,0,-
BRDA:497,29,1,-
DA:500,0
DA:504,0
FN:511,EdgeChallengeManagerLib.mandatoryBisectionHeight
FNDA:0,EdgeChallengeManagerLib.mandatoryBisectionHeight
DA:512,0
BRDA:512,30,0,-
BRDA:512,30,1,-
DA:513,0
DA:515,0
BRDA:515,31,0,-
BRDA:515,31,1,-
DA:516,0
DA:519,0
DA:520,0
DA:521,0
DA:522,0
FN:539,EdgeChallengeManagerLib.bisectEdge
FNDA:0,EdgeChallengeManagerLib.bisectEdge
DA:543,0
BRDA:543,32,0,-
BRDA:543,32,1,-
DA:544,0
DA:546,0
BRDA:546,33,0,-
BRDA:546,33,1,-
DA:547,0
DA:552,0
DA:556,0
DA:558,0
DA:559,0
DA:564,0
DA:565,0
DA:568,0
DA:571,0
DA:574,0
BRDA:574,34,0,-
BRDA:574,34,1,-
DA:575,0
DA:579,0
DA:581,0
DA:586,0
DA:589,0
DA:591,0
FN:595,EdgeChallengeManagerLib.confirmEdgeByChildren
FNDA:0,EdgeChallengeManagerLib.confirmEdgeByChildren
DA:596,0
BRDA:596,35,0,-
BRDA:596,35,1,-
DA:597,0
DA:600,0
DA:602,0
BRDA:602,36,0,-
BRDA:602,36,1,-
DA:603,0
DA:605,0
BRDA:605,37,0,-
BRDA:605,37,1,-
DA:606,0
DA:609,0
DA:611,0
BRDA:611,38,0,-
BRDA:611,38,1,-
DA:612,0
DA:614,0
BRDA:614,39,0,-
BRDA:614,39,1,-
DA:615,0
DA:619,0
FN:623,EdgeChallengeManagerLib.nextEdgeType
FNDA:0,EdgeChallengeManagerLib.nextEdgeType
DA:624,0
BRDA:624,40,0,-
BRDA:624,40,1,-
DA:625,0
DA:626,0
BRDA:626,41,0,-
BRDA:626,41,1,-
DA:627,0
DA:628,0
BRDA:628,42,0,-
BRDA:628,42,1,-
DA:629,0
DA:631,0
FN:640,EdgeChallengeManagerLib.checkClaimIdLink
FNDA:0,EdgeChallengeManagerLib.checkClaimIdLink
DA:646,0
BRDA:646,43,0,-
BRDA:646,43,1,-
DA:647,0
DA:650,0
BRDA:650,44,0,-
BRDA:650,44,1,-
DA:651,0
FN:663,EdgeChallengeManagerLib.confirmEdgeByClaim
FNDA:0,EdgeChallengeManagerLib.confirmEdgeByClaim
DA:664,0
BRDA:664,45,0,-
BRDA:664,45,1,-
DA:665,0
DA:669,0
BRDA:669,46,0,-
BRDA:669,46,1,-
DA:670,0
DA:672,0
BRDA:672,47,0,-
BRDA:672,47,1,-
DA:673,0
DA:676,0
DA:677,0
BRDA:677,48,0,-
BRDA:677,48,1,-
DA:678,0
DA:682,0
FN:698,EdgeChallengeManagerLib.confirmEdgeByTime
FNDA:0,EdgeChallengeManagerLib.confirmEdgeByTime
DA:705,0
BRDA:705,49,0,-
BRDA:705,49,1,-
DA:706,0
DA:709,0
DA:710,0
DA:713,0
DA:714,0
DA:717,0
BRDA:717,50,0,-
BRDA:717,50,1,-
DA:718,0
DA:719,0
DA:720,0
BRDA:720,51,0,-
BRDA:720,51,1,-
DA:721,0
DA:722,0
DA:723,0
DA:725,0
DA:739,0
DA:741,0
BRDA:741,52,0,-
BRDA:741,52,1,-
DA:742,0
DA:746,0
DA:748,0
FN:759,EdgeChallengeManagerLib.confirmEdgeByOneStepProof
FNDA:0,EdgeChallengeManagerLib.confirmEdgeByOneStepProof
DA:769,0
DA:772,0
BRDA:772,53,0,-
BRDA:772,53,1,-
DA:773,0
DA:775,0
BRDA:775,54,0,-
BRDA:775,54,1,-
DA:776,0
DA:780,0
DA:785,0
DA:786,0
DA:789,0
DA:794,0
FNF:20
FNH:0
LF:196
LH:0
BRF:110
BRH:0
end_of_record
TN:
SF:src/challengeV2/libraries/MerkleTreeLib.sol
FN:110,MerkleTreeLib.root
FNDA:0,MerkleTreeLib.root
DA:111,0
BRDA:111,0,0,-
BRDA:111,0,1,-
DA:112,0
BRDA:112,1,0,-
BRDA:112,1,1,-
DA:114,0
DA:115,0
DA:116,0
DA:117,0
BRDA:117,2,0,-
BRDA:117,2,1,-
DA:118,0
BRDA:118,3,0,-
BRDA:118,3,1,-
DA:119,0
DA:125,0
BRDA:125,4,0,-
BRDA:125,4,1,-
DA:126,0
DA:129,0
BRDA:129,5,0,-
BRDA:129,5,1,-
DA:132,0
DA:135,0
DA:139,0
FN:151,MerkleTreeLib.appendCompleteSubTree
FNDA:0,MerkleTreeLib.appendCompleteSubTree
DA:158,0
BRDA:158,6,0,-
BRDA:158,6,1,-
DA:159,0
BRDA:159,7,0,-
BRDA:159,7,1,-
DA:160,0
BRDA:160,8,0,-
BRDA:160,8,1,-
DA:162,0
BRDA:162,9,0,-
BRDA:162,9,1,-
DA:163,0
DA:164,0
DA:165,0
DA:170,0
BRDA:170,10,0,-
BRDA:170,10,1,-
DA:172,0
DA:173,0
DA:174,0
DA:178,0
DA:183,0
BRDA:183,11,0,-
BRDA:183,11,1,-
DA:188,0
DA:192,0
BRDA:192,12,0,-
BRDA:192,12,1,-
DA:195,0
BRDA:195,13,0,-
BRDA:195,13,1,-
DA:198,0
BRDA:198,14,0,-
BRDA:198,14,1,-
DA:200,0
DA:203,0
BRDA:203,15,0,-
BRDA:203,15,1,-
DA:205,0
DA:207,0
DA:212,0
DA:213,0
DA:222,0
BRDA:222,16,0,-
BRDA:222,16,1,-
DA:223,0
DA:228,0
BRDA:228,17,0,-
BRDA:228,17,1,-
DA:230,0
FN:238,MerkleTreeLib.appendLeaf
FNDA:0,MerkleTreeLib.appendLeaf
DA:241,0
FN:251,MerkleTreeLib.maximumAppendBetween
FNDA:0,MerkleTreeLib.maximumAppendBetween
DA:265,0
BRDA:265,18,0,-
BRDA:265,18,1,-
DA:268,0
DA:269,0
DA:270,0
DA:271,0
DA:275,0
BRDA:275,19,0,-
BRDA:275,19,1,-
DA:276,0
DA:282,0
BRDA:282,20,0,-
BRDA:282,20,1,-
DA:283,0
DA:287,0
FN:292,MerkleTreeLib.treeSize
FNDA:0,MerkleTreeLib.treeSize
DA:293,0
DA:294,0
DA:295,0
BRDA:295,21,0,-
BRDA:295,21,1,-
DA:296,0
DA:299,0
FN:312,MerkleTreeLib.verifyPrefixProof
FNDA:0,MerkleTreeLib.verifyPrefixProof
DA:320,0
BRDA:320,22,0,-
BRDA:320,22,1,-
DA:321,0
BRDA:321,23,0,-
BRDA:321,23,1,-
DA:322,0
BRDA:322,24,0,-
BRDA:322,24,1,-
DA:323,0
BRDA:323,25,0,-
BRDA:323,25,1,-
DA:325,0
DA:326,0
DA:329,0
DA:332,0
DA:333,0
DA:335,0
BRDA:335,26,0,-
BRDA:335,26,1,-
DA:336,0
DA:338,0
DA:339,0
DA:340,0
BRDA:340,27,0,-
BRDA:340,27,1,-
DA:341,0
DA:345,0
BRDA:345,28,0,-
BRDA:345,28,1,-
DA:349,0
BRDA:349,29,0,-
BRDA:349,29,1,-
FN:359,MerkleTreeLib.verifyInclusionProof
FNDA:0,MerkleTreeLib.verifyInclusionProof
DA:363,0
DA:364,0
BRDA:364,30,0,-
BRDA:364,30,1,-
FNF:7
FNH:0
LF:76
LH:0
BRF:62
BRH:0
end_of_record
TN:
SF:src/challengeV2/libraries/UintUtilsLib.sol
FN:14,UintUtilsLib.leastSignificantBit
FNDA:0,UintUtilsLib.leastSignificantBit
DA:15,0
BRDA:15,0,0,-
BRDA:15,0,1,-
DA:18,0
DA:21,0
FN:29,UintUtilsLib.mostSignificantBit
FNDA:0,UintUtilsLib.mostSignificantBit
DA:30,0
BRDA:30,1,0,-
BRDA:30,1,1,-
DA:33,0
BRDA:33,2,0,-
BRDA:33,2,1,-
DA:34,0
DA:35,0
DA:38,0
BRDA:38,3,0,-
BRDA:38,3,1,-
DA:39,0
DA:40,0
DA:43,0
BRDA:43,4,0,-
BRDA:43,4,1,-
DA:44,0
DA:45,0
DA:48,0
BRDA:48,5,0,-
BRDA:48,5,1,-
DA:49,0
DA:50,0
DA:53,0
BRDA:53,6,0,-
BRDA:53,6,1,-
DA:54,0
DA:55,0
DA:58,0
BRDA:58,7,0,-
BRDA:58,7,1,-
DA:59,0
DA:60,0
DA:63,0
BRDA:63,8,0,-
BRDA:63,8,1,-
DA:64,0
DA:65,0
DA:68,0
BRDA:68,9,0,-
BRDA:68,9,1,-
FNF:2
FNH:0
LF:26
LH:0
BRF:20
BRH:0
end_of_record
TN:
SF:src/libraries/AddressAliasHelper.sol
FN:14,AddressAliasHelper.applyL1ToL2Alias
FNDA:0,AddressAliasHelper.applyL1ToL2Alias
DA:16,0
FN:24,AddressAliasHelper.undoL1ToL2Alias
FNDA:0,AddressAliasHelper.undoL1ToL2Alias
DA:26,0
FNF:2
FNH:0
LF:2
LH:0
BRF:0
BRH:0
end_of_record
TN:
SF:src/libraries/AdminFallbackProxy.sol
FN:110,AdminFallbackProxy._initialize
FNDA:0,AdminFallbackProxy._initialize
DA:117,0
BRDA:117,0,0,-
BRDA:117,0,1,-
DA:118,0
BRDA:118,1,0,-
BRDA:118,1,1,-
DA:121,0
BRDA:121,2,0,-
BRDA:121,2,1,-
DA:125,0
DA:126,0
DA:127,0
FN:131,AdminFallbackProxy._implementation
FNDA:457,AdminFallbackProxy._implementation
DA:132,457
BRDA:132,3,0,-
BRDA:132,3,1,457
DA:137,457
DA:141,457
BRDA:141,4,0,-
BRDA:141,4,1,457
DA:142,457
FN:150,AdminFallbackProxy._beforeFallback
FNDA:457,AdminFallbackProxy._beforeFallback
DA:151,457
FN:30,DoubleLogicERC1967Upgrade._getSecondaryImplementation
FNDA:445,DoubleLogicERC1967Upgrade._getSecondaryImplementation
DA:31,445
FN:37,DoubleLogicERC1967Upgrade._setSecondaryImplementation
FNDA:1,DoubleLogicERC1967Upgrade._setSecondaryImplementation
DA:38,1
BRDA:38,0,0,-
BRDA:38,0,1,1
DA:42,1
FN:50,DoubleLogicERC1967Upgrade._upgradeSecondaryTo
FNDA:1,DoubleLogicERC1967Upgrade._upgradeSecondaryTo
DA:51,1
DA:52,1
FN:60,DoubleLogicERC1967Upgrade._upgradeSecondaryToAndCall
FNDA:1,DoubleLogicERC1967Upgrade._upgradeSecondaryToAndCall
DA:65,1
DA:66,1
BRDA:66,1,0,-
BRDA:66,1,1,1
DA:67,0
FN:76,DoubleLogicERC1967Upgrade._upgradeSecondaryToAndCallUUPS
FNDA:2,DoubleLogicERC1967Upgrade._upgradeSecondaryToAndCallUUPS
DA:84,2
BRDA:84,2,0,-
BRDA:84,2,1,2
DA:85,0
DA:87,2
DA:95,1
FNF:8
FNH:7
LF:23
LH:15
BRF:16
BRH:5
end_of_record
TN:
SF:src/libraries/ArbitrumChecker.sol
FN:10,ArbitrumChecker.runningOnArbitrum
FNDA:0,ArbitrumChecker.runningOnArbitrum
DA:11,0
DA:14,0
FNF:1
FNH:0
LF:2
LH:0
BRF:0
BRH:0
end_of_record
TN:
SF:src/libraries/CryptographyPrimitives.sol
FN:12,CryptographyPrimitives.keccakF
FNDA:0,CryptographyPrimitives.keccakF
DA:13,0
DA:14,0
DA:16,0
DA:18,0
DA:46,0
DA:52,0
DA:53,0
DA:54,0
DA:55,0
DA:56,0
DA:63,0
DA:64,0
DA:65,0
DA:66,0
DA:67,0
DA:76,0
DA:77,0
DA:78,0
DA:79,0
DA:80,0
DA:81,0
DA:82,0
DA:83,0
DA:84,0
DA:85,0
DA:86,0
DA:87,0
DA:88,0
DA:89,0
DA:90,0
DA:91,0
DA:92,0
DA:93,0
DA:94,0
DA:95,0
DA:96,0
DA:97,0
DA:98,0
DA:99,0
DA:100,0
DA:103,0
DA:104,0
DA:105,0
DA:106,0
DA:107,0
DA:108,0
DA:109,0
DA:110,0
DA:111,0
DA:112,0
DA:113,0
DA:114,0
DA:115,0
DA:116,0
DA:117,0
DA:118,0
DA:119,0
DA:120,0
DA:121,0
DA:122,0
DA:123,0
DA:124,0
DA:125,0
DA:126,0
DA:127,0
DA:137,0
DA:138,0
DA:139,0
DA:140,0
DA:141,0
DA:142,0
DA:143,0
DA:144,0
DA:145,0
DA:146,0
DA:147,0
DA:148,0
DA:149,0
DA:150,0
DA:151,0
DA:152,0
DA:153,0
DA:154,0
DA:155,0
DA:156,0
DA:157,0
DA:158,0
DA:159,0
DA:160,0
DA:161,0
DA:164,0
DA:168,0
FN:171,CryptographyPrimitives.rightRotate
FNDA:0,CryptographyPrimitives.rightRotate
DA:172,0
FN:175,CryptographyPrimitives.ch
FNDA:0,CryptographyPrimitives.ch
DA:180,0
FN:187,CryptographyPrimitives.sha256Block
FNDA:0,CryptographyPrimitives.sha256Block
DA:193,0
DA:260,0
DA:261,0
DA:262,0
DA:263,0
DA:264,0
DA:267,0
DA:268,0
DA:269,0
DA:270,0
DA:272,0
DA:273,0
DA:276,0
DA:278,0
DA:279,0
DA:282,0
DA:283,0
DA:284,0
DA:286,0
DA:287,0
DA:291,0
DA:292,0
DA:297,0
DA:298,0
DA:300,0
DA:301,0
DA:302,0
DA:303,0
DA:304,0
DA:305,0
DA:306,0
DA:307,0
DA:310,0
DA:311,0
DA:314,0
DA:316,0
DA:317,0
DA:320,0
FNF:4
FNH:0
LF:132
LH:0
BRF:0
BRH:0
end_of_record
TN:
SF:src/libraries/DoubleLogicUUPSUpgradeable.sol
FN:15,DoubleLogicUUPSUpgradeable.proxiableUUID
FNDA:3,DoubleLogicUUPSUpgradeable.proxiableUUID
DA:16,3
FN:38,DoubleLogicUUPSUpgradeable.upgradeSecondaryTo
FNDA:2,DoubleLogicUUPSUpgradeable.upgradeSecondaryTo
DA:39,2
DA:40,2
FN:51,DoubleLogicUUPSUpgradeable.upgradeSecondaryToAndCall
FNDA:0,DoubleLogicUUPSUpgradeable.upgradeSecondaryToAndCall
DA:56,0
DA:57,0
FNF:3
FNH:2
LF:5
LH:3
BRF:0
BRH:0
end_of_record
TN:
SF:src/libraries/MerkleLib.sol
FN:10,MerkleLib.generateRoot
FNDA:0,MerkleLib.generateRoot
DA:11,0
DA:12,0
DA:13,0
DA:14,0
DA:15,0
BRDA:15,0,0,-
BRDA:15,0,1,-
DA:16,0
DA:20,0
DA:23,0
DA:25,0
FN:28,MerkleLib.calculateRoot
FNDA:0,MerkleLib.calculateRoot
DA:33,0
DA:34,0
BRDA:34,1,0,-
BRDA:34,1,1,-
DA:35,0
DA:36,0
DA:37,0
DA:38,0
BRDA:38,2,0,-
BRDA:38,2,1,-
DA:42,0
DA:48,0
DA:52,0
DA:55,0
FNF:2
FNH:0
LF:19
LH:0
BRF:6
BRH:0
end_of_record
TN:
SF:src/libraries/UUPSNotUpgradeable.sol
FN:53,UUPSNotUpgradeable.proxiableUUID
FNDA:2,UUPSNotUpgradeable.proxiableUUID
DA:54,2
FNF:1
FNH:1
LF:1
LH:1
BRF:0
BRH:0
end_of_record
TN:
SF:src/mocks/BridgeStub.sol
FN:35,BridgeStub.setSequencerInbox
FNDA:0,BridgeStub.setSequencerInbox
DA:36,0
DA:37,0
FN:40,BridgeStub.allowedDelayedInboxes
FNDA:0,BridgeStub.allowedDelayedInboxes
DA:41,0
FN:44,BridgeStub.allowedOutboxes
FNDA:0,BridgeStub.allowedOutboxes
DA:45,0
FN:48,BridgeStub.updateRollupAddress
FNDA:0,BridgeStub.updateRollupAddress
DA:49,0
FN:52,BridgeStub.enqueueDelayedMessage
FNDA:0,BridgeStub.enqueueDelayedMessage
DA:57,0
BRDA:57,0,0,-
BRDA:57,0,1,-
DA:58,0
DA:59,0
FN:69,BridgeStub.enqueueSequencerMessage
FNDA:0,BridgeStub.enqueueSequencerMessage
DA:84,0
DA:85,0
DA:86,0
BRDA:83,1,0,-
BRDA:83,1,1,-
DA:88,0
DA:90,0
DA:91,0
DA:92,0
BRDA:92,2,0,-
BRDA:92,2,1,-
DA:93,0
DA:95,0
BRDA:95,3,0,-
BRDA:95,3,1,-
DA:96,0
DA:98,0
DA:99,0
FN:102,BridgeStub.submitBatchSpendingReport
FNDA:0,BridgeStub.submitBatchSpendingReport
FN:109,BridgeStub.addMessageToDelayedAccumulator
FNDA:0,BridgeStub.addMessageToDelayedAccumulator
DA:117,0
DA:118,0
DA:127,0
DA:128,0
BRDA:128,4,0,-
BRDA:128,4,1,-
DA:129,0
DA:131,0
DA:132,0
FN:135,BridgeStub.executeCall
FNDA:0,BridgeStub.executeCall
DA:140,0
FN:143,BridgeStub.setDelayedInbox
FNDA:0,BridgeStub.setDelayedInbox
DA:144,0
DA:145,0
DA:146,0
DA:147,0
BRDA:147,5,0,-
BRDA:147,5,1,-
DA:148,0
DA:150,0
BRDA:150,6,0,-
BRDA:150,6,1,-
DA:151,0
DA:152,0
DA:154,0
DA:157,0
DA:158,0
DA:159,0
FN:163,BridgeStub.setOutbox
FNDA:0,BridgeStub.setOutbox
FN:169,BridgeStub.delayedMessageCount
FNDA:0,BridgeStub.delayedMessageCount
DA:170,0
FN:173,BridgeStub.sequencerMessageCount
FNDA:0,BridgeStub.sequencerMessageCount
DA:174,0
FN:177,BridgeStub.rollup
FNDA:0,BridgeStub.rollup
DA:178,0
FN:181,BridgeStub.acceptFundsFromOldBridge
FNDA:0,BridgeStub.acceptFundsFromOldBridge
FN:183,BridgeStub.initialize
FNDA:0,BridgeStub.initialize
DA:184,0
FNF:16
FNH:0
LF:44
LH:0
BRF:14
BRH:0
end_of_record
TN:
SF:src/mocks/InboxStub.sol
FN:26,InboxStub.pause
FNDA:0,InboxStub.pause
DA:27,0
FN:30,InboxStub.unpause
FNDA:0,InboxStub.unpause
DA:31,0
FN:34,InboxStub.initialize
FNDA:0,InboxStub.initialize
DA:35,0
BRDA:35,0,0,-
BRDA:35,0,1,-
DA:36,0
FN:44,InboxStub.sendL2MessageFromOrigin
FNDA:0,InboxStub.sendL2MessageFromOrigin
DA:46,0
BRDA:46,1,0,-
BRDA:46,1,1,-
DA:47,0
DA:48,0
DA:49,0
FN:57,InboxStub.sendL2Message
FNDA:0,InboxStub.sendL2Message
DA:58,0
DA:59,0
DA:60,0
FN:63,InboxStub.deliverToBridge
FNDA:0,InboxStub.deliverToBridge
DA:68,0
FN:71,InboxStub.sendUnsignedTransaction
FNDA:0,InboxStub.sendUnsignedTransaction
DA:79,0
FN:82,InboxStub.sendContractTransaction
FNDA:0,InboxStub.sendContractTransaction
DA:89,0
FN:92,InboxStub.sendL1FundedUnsignedTransaction
FNDA:0,InboxStub.sendL1FundedUnsignedTransaction
DA:99,0
FN:102,InboxStub.sendL1FundedContractTransaction
FNDA:0,InboxStub.sendL1FundedContractTransaction
DA:108,0
FN:111,InboxStub.createRetryableTicket
FNDA:0,InboxStub.createRetryableTicket
DA:121,0
FN:124,InboxStub.unsafeCreateRetryableTicket
FNDA:0,InboxStub.unsafeCreateRetryableTicket
DA:134,0
FN:137,InboxStub.sendL1FundedUnsignedTransactionToFork
FNDA:0,InboxStub.sendL1FundedUnsignedTransactionToFork
DA:144,0
FN:147,InboxStub.sendUnsignedTransactionToFork
FNDA:0,InboxStub.sendUnsignedTransactionToFork
DA:155,0
FN:158,InboxStub.sendWithdrawEthToFork
FNDA:0,InboxStub.sendWithdrawEthToFork
DA:165,0
FN:168,InboxStub.depositEth
FNDA:0,InboxStub.depositEth
DA:169,0
FN:172,InboxStub.postUpgradeInit
FNDA:0,InboxStub.postUpgradeInit
FN:174,InboxStub.calculateRetryableSubmissionFee
FNDA:0,InboxStub.calculateRetryableSubmissionFee
DA:180,0
FNF:18
FNH:0
LF:23
LH:0
BRF:4
BRH:0
end_of_record
TN:
SF:src/mocks/MerkleTreeAccess.sol
FN:11,MerkleTreeAccess.mostSignificantBit
FNDA:0,MerkleTreeAccess.mostSignificantBit
DA:12,0
FN:15,MerkleTreeAccess.leastSignificantBit
FNDA:0,MerkleTreeAccess.leastSignificantBit
DA:16,0
FN:19,MerkleTreeAccess.root
FNDA:0,MerkleTreeAccess.root
DA:20,0
FN:23,MerkleTreeAccess.appendCompleteSubTree
FNDA:0,MerkleTreeAccess.appendCompleteSubTree
DA:28,0
FN:31,MerkleTreeAccess.appendLeaf
FNDA:0,MerkleTreeAccess.appendLeaf
DA:32,0
FN:35,MerkleTreeAccess.maximumAppendBetween
FNDA:0,MerkleTreeAccess.maximumAppendBetween
DA:36,0
FN:39,MerkleTreeAccess.verifyPrefixProof
FNDA:0,MerkleTreeAccess.verifyPrefixProof
DA:47,0
FN:50,MerkleTreeAccess.verifyInclusionProof
FNDA:0,MerkleTreeAccess.verifyInclusionProof
DA:54,0
FNF:8
FNH:0
LF:8
LH:0
BRF:0
BRH:0
end_of_record
TN:
SF:src/mocks/MockResultReceiver.sol
FN:26,MockResultReceiver.createChallenge
FNDA:0,MockResultReceiver.createChallenge
DA:36,0
DA:37,0
FN:49,MockResultReceiver.completeChallenge
FNDA:0,MockResultReceiver.completeChallenge
DA:54,0
DA:55,0
DA:56,0
DA:57,0
FNF:2
FNH:0
LF:6
LH:0
BRF:0
BRH:0
end_of_record
TN:
SF:src/mocks/SequencerInboxStub.sol
FN:22,SequencerInboxStub.addInitMessage
FNDA:0,SequencerInboxStub.addInitMessage
DA:23,0
DA:24,0
DA:29,0
BRDA:29,0,0,-
BRDA:29,0,1,-
DA:30,0
DA:31,0
DA:32,0
DA:37,0
DA:38,0
BRDA:38,1,0,-
BRDA:38,1,1,-
DA:39,0
FN:50,SequencerInboxStub.getTimeBounds
FNDA:0,SequencerInboxStub.getTimeBounds
DA:52,0
FNF:2
FNH:0
LF:10
LH:0
BRF:4
BRH:0
end_of_record
TN:
SF:src/mocks/Simple.sol
FN:17,Simple.increment
FNDA:0,Simple.increment
DA:18,0
FN:21,Simple.incrementEmit
FNDA:0,Simple.incrementEmit
DA:22,0
DA:23,0
FN:26,Simple.incrementRedeem
FNDA:0,Simple.incrementRedeem
DA:27,0
BRDA:27,0,0,-
BRDA:27,0,1,-
DA:28,0
BRDA:28,1,0,-
BRDA:28,1,1,-
DA:29,0
DA:30,0
FN:33,Simple.emitNullEvent
FNDA:0,Simple.emitNullEvent
DA:34,0
FN:37,Simple.checkBlockHashes
FNDA:0,Simple.checkBlockHashes
DA:38,0
BRDA:38,2,0,-
BRDA:38,2,1,-
DA:39,0
FN:42,Simple.getBlockDifficulty
FNDA:0,Simple.getBlockDifficulty
DA:43,0
FN:46,Simple.noop
FNDA:0,Simple.noop
FN:48,Simple.pleaseRevert
FNDA:0,Simple.pleaseRevert
DA:49,0
FN:52,Simple.checkIsTopLevelOrWasAliased
FNDA:0,Simple.checkIsTopLevelOrWasAliased
DA:53,0
BRDA:53,3,0,-
BRDA:53,3,1,-
DA:54,0
BRDA:54,4,0,-
BRDA:54,4,1,-
DA:56,0
BRDA:56,5,0,-
BRDA:56,5,1,-
FN:63,Simple.checkCalls
FNDA:0,Simple.checkCalls
DA:72,0
BRDA:72,6,0,-
BRDA:72,6,1,-
DA:73,0
BRDA:73,7,0,-
BRDA:73,7,1,-
DA:75,0
BRDA:75,8,0,-
BRDA:75,8,1,-
DA:82,0
DA:85,0
DA:90,0
DA:91,0
BRDA:91,9,0,-
BRDA:91,9,1,-
DA:94,0
DA:100,0
DA:102,0
BRDA:102,10,0,-
BRDA:102,10,1,-
DA:105,0
DA:110,0
DA:111,0
BRDA:111,11,0,-
BRDA:111,11,1,-
FNF:10
FNH:0
LF:28
LH:0
BRF:24
BRH:0
end_of_record
TN:
SF:src/mocks/SimpleOneStepProofEntry.sol
FN:17,SimpleOneStepProofEntry.proveOneStep
FNDA:0,SimpleOneStepProofEntry.proveOneStep
DA:23,0
BRDA:23,0,0,-
BRDA:23,0,1,-
DA:24,0
DA:26,0
DA:27,0
DA:28,0
DA:29,0
DA:30,0
BRDA:30,1,0,-
BRDA:30,1,1,-
DA:32,0
DA:34,0
BRDA:34,2,0,-
BRDA:34,2,1,-
DA:36,0
DA:38,0
BRDA:38,3,0,-
BRDA:38,3,1,-
DA:39,0
DA:40,0
BRDA:40,4,0,-
BRDA:40,4,1,-
DA:41,0
DA:42,0
DA:44,0
FN:47,SimpleOneStepProofEntry.getMachineHash
FNDA:0,SimpleOneStepProofEntry.getMachineHash
DA:48,0
BRDA:48,5,0,-
BRDA:48,5,1,-
DA:49,0
FNF:2
FNH:0
LF:18
LH:0
BRF:12
BRH:0
end_of_record
TN:
SF:src/mocks/SimpleProxy.sol
FN:16,SimpleProxy._implementation
FNDA:0,SimpleProxy._implementation
DA:17,0
FNF:1
FNH:0
LF:1
LH:0
BRF:0
BRH:0
end_of_record
TN:
SF:src/mocks/TestWETH9.sol
FN:18,TestWETH9.deposit
FNDA:0,TestWETH9.deposit
DA:19,0
FN:22,TestWETH9.withdraw
FNDA:0,TestWETH9.withdraw
DA:23,0
DA:24,0
FNF:2
FNH:0
LF:3
LH:0
BRF:0
BRH:0
end_of_record
TN:
SF:src/osp/HashProofHelper.sol
FN:33,HashProofHelper.proveWithFullPreimage
FNDA:0,HashProofHelper.proveWithFullPreimage
DA:37,0
DA:38,0
DA:39,0
BRDA:39,0,0,-
BRDA:39,0,1,-
DA:40,0
DA:41,0
BRDA:41,1,0,-
BRDA:41,1,1,-
DA:42,0
DA:44,0
DA:46,0
DA:47,0
FN:53,HashProofHelper.proveWithSplitPreimage
FNDA:0,HashProofHelper.proveWithSplitPreimage
DA:58,0
DA:59,0
BRDA:59,2,0,-
BRDA:59,2,1,-
DA:60,0
DA:62,0
BRDA:62,3,0,-
BRDA:62,3,1,-
DA:63,0
DA:64,0
DA:65,0
BRDA:65,4,0,-
BRDA:65,4,1,-
DA:66,0
DA:68,0
BRDA:68,5,0,-
BRDA:68,5,1,-
DA:70,0
DA:71,0
BRDA:71,6,0,-
BRDA:71,6,1,-
DA:72,0
DA:73,0
BRDA:73,7,0,-
BRDA:73,7,1,-
DA:74,0
DA:76,0
DA:77,0
BRDA:77,8,0,-
BRDA:77,8,1,-
DA:78,0
DA:80,0
DA:81,0
DA:84,0
BRDA:84,9,0,-
BRDA:84,9,1,-
DA:85,0
DA:87,0
DA:88,0
DA:90,0
DA:91,0
DA:92,0
DA:94,0
DA:95,0
DA:96,0
FN:99,HashProofHelper.keccakUpdate
FNDA:0,HashProofHelper.keccakUpdate
DA:104,0
DA:106,0
BRDA:106,10,0,-
BRDA:106,10,1,-
DA:107,0
DA:109,0
DA:110,0
DA:111,0
BRDA:111,11,0,-
BRDA:111,11,1,-
DA:112,0
DA:115,0
BRDA:115,12,0,-
BRDA:115,12,1,-
DA:116,0
DA:118,0
BRDA:118,13,0,-
BRDA:118,13,1,-
DA:119,0
DA:122,0
DA:124,0
DA:125,0
DA:127,0
DA:128,0
DA:129,0
DA:131,0
DA:132,0
DA:133,0
DA:135,0
BRDA:135,14,0,-
BRDA:135,14,1,-
DA:136,0
DA:138,0
FN:142,HashProofHelper.clearSplitProof
FNDA:0,HashProofHelper.clearSplitProof
DA:143,0
FN:147,HashProofHelper.getPreimagePart
FNDA:0,HashProofHelper.getPreimagePart
DA:148,0
DA:149,0
BRDA:149,15,0,-
BRDA:149,15,1,-
DA:150,0
DA:152,0
FNF:5
FNH:0
LF:66
LH:0
BRF:32
BRH:0
end_of_record
TN:
SF:src/osp/OneStepProofEntry.sol
FN:36,OneStepProofEntry.getStartMachineHash
FNDA:0,OneStepProofEntry.getStartMachineHash
DA:42,0
DA:43,0
DA:44,0
DA:45,0
DA:46,0
DA:47,0
DA:48,0
DA:49,0
DA:51,0
DA:62,0
FN:65,OneStepProofEntry.getMachineHash
FNDA:44,OneStepProofEntry.getMachineHash
DA:66,44
BRDA:66,0,0,44
BRDA:66,0,1,-
DA:67,44
DA:68,0
BRDA:68,1,0,-
BRDA:68,1,1,-
DA:69,0
DA:71,0
FN:75,OneStepProofEntry.proveOneStep
FNDA:0,OneStepProofEntry.proveOneStep
DA:81,0
DA:82,0
DA:83,0
DA:84,0
DA:87,0
DA:88,0
DA:89,0
BRDA:89,2,0,-
BRDA:89,2,1,-
DA:90,0
BRDA:90,3,0,-
BRDA:90,3,1,-
DA:93,0
DA:94,0
DA:95,0
BRDA:95,4,0,-
BRDA:95,4,1,-
DA:96,0
BRDA:96,5,0,-
BRDA:96,5,1,-
DA:98,0
DA:100,0
DA:103,0
BRDA:103,6,0,-
BRDA:103,6,1,-
DA:104,0
DA:105,0
DA:108,0
DA:109,0
DA:110,0
BRDA:110,7,0,-
BRDA:110,7,1,-
DA:116,0
DA:117,0
DA:118,0
DA:119,0
DA:120,0
DA:121,0
DA:122,0
DA:126,0
BRDA:126,8,0,-
BRDA:126,8,1,-
DA:128,0
DA:131,0
DA:132,0
DA:133,0
DA:134,0
DA:136,0
DA:138,0
DA:139,0
BRDA:135,9,0,-
BRDA:135,9,1,-
DA:141,0
DA:143,0
BRDA:142,10,0,-
BRDA:142,10,1,-
DA:160,0
DA:162,0
BRDA:161,11,0,-
BRDA:161,11,1,-
DA:166,0
DA:168,0
DA:171,0
DA:173,0
DA:175,0
FNF:3
FNH:1
LF:60
LH:2
BRF:24
BRH:1
end_of_record
TN:
SF:src/osp/OneStepProver0.sol
FN:19,OneStepProver0.executeUnreachable
FNDA:0,OneStepProver0.executeUnreachable
DA:25,0
FN:28,OneStepProver0.executeNop
FNDA:0,OneStepProver0.executeNop
FN:37,OneStepProver0.executeConstPush
FNDA:0,OneStepProver0.executeConstPush
DA:43,0
DA:44,0
DA:45,0
BRDA:45,0,0,-
BRDA:45,0,1,-
DA:46,0
DA:47,0
BRDA:47,1,0,-
BRDA:47,1,1,-
DA:48,0
DA:49,0
BRDA:49,2,0,-
BRDA:49,2,1,-
DA:50,0
DA:51,0
BRDA:51,3,0,-
BRDA:51,3,1,-
DA:52,0
DA:54,0
DA:57,0
FN:60,OneStepProver0.executeDrop
FNDA:0,OneStepProver0.executeDrop
DA:66,0
FN:69,OneStepProver0.executeSelect
FNDA:0,OneStepProver0.executeSelect
DA:75,0
DA:76,0
DA:77,0
DA:79,0
BRDA:79,4,0,-
BRDA:79,4,1,-
DA:80,0
DA:82,0
FN:86,OneStepProver0.executeReturn
FNDA:0,OneStepProver0.executeReturn
DA:92,0
DA:93,0
BRDA:93,5,0,-
BRDA:93,5,1,-
DA:94,0
DA:95,0
DA:96,0
BRDA:96,6,0,-
BRDA:96,6,1,-
DA:97,0
DA:99,0
DA:100,0
DA:101,0
DA:102,0
DA:103,0
BRDA:103,7,0,-
BRDA:103,7,1,-
DA:104,0
DA:105,0
DA:106,0
FN:109,OneStepProver0.createReturnValue
FNDA:0,OneStepProver0.createReturnValue
DA:110,0
DA:111,0
DA:112,0
DA:113,0
DA:114,0
FN:117,OneStepProver0.executeCall
FNDA:0,OneStepProver0.executeCall
DA:124,0
DA:127,0
DA:128,0
DA:129,0
DA:132,0
DA:133,0
BRDA:133,8,0,-
BRDA:133,8,1,-
DA:134,0
DA:135,0
FN:138,OneStepProver0.executeCrossModuleCall
FNDA:0,OneStepProver0.executeCrossModuleCall
DA:145,0
DA:148,0
DA:149,0
DA:152,0
DA:153,0
DA:154,0
BRDA:154,9,0,-
BRDA:154,9,1,-
DA:155,0
DA:156,0
DA:157,0
FN:160,OneStepProver0.executeCallerModuleInternalCall
FNDA:0,OneStepProver0.executeCallerModuleInternalCall
DA:167,0
DA:170,0
DA:171,0
DA:173,0
DA:174,0
BRDA:174,10,0,-
BRDA:174,10,1,-
DA:176,0
DA:177,0
DA:181,0
DA:182,0
BRDA:182,11,0,-
BRDA:182,11,1,-
DA:183,0
DA:184,0
DA:185,0
FN:188,OneStepProver0.executeCallIndirect
FNDA:0,OneStepProver0.executeCallIndirect
DA:194,0
DA:196,0
DA:199,0
DA:200,0
DA:201,0
DA:203,0
DA:204,0
DA:205,0
DA:206,0
DA:207,0
DA:208,0
DA:209,0
DA:210,0
DA:211,0
DA:212,0
DA:215,0
DA:218,0
BRDA:218,12,0,-
BRDA:218,12,1,-
DA:219,0
DA:225,0
BRDA:225,13,0,-
BRDA:225,13,1,-
DA:228,0
BRDA:228,14,0,-
BRDA:228,14,1,-
DA:229,0
DA:230,0
DA:234,0
DA:235,0
DA:236,0
DA:237,0
DA:238,0
DA:239,0
DA:240,0
DA:245,0
BRDA:245,15,0,-
BRDA:245,15,1,-
DA:247,0
BRDA:247,16,0,-
BRDA:247,16,1,-
DA:248,0
DA:249,0
DA:252,0
BRDA:252,17,0,-
BRDA:252,17,1,-
DA:253,0
DA:254,0
DA:255,0
BRDA:255,18,0,-
BRDA:255,18,1,-
DA:256,0
DA:257,0
BRDA:257,19,0,-
BRDA:257,19,1,-
DA:259,0
DA:264,0
DA:267,0
DA:268,0
DA:269,0
DA:272,0
DA:273,0
FN:276,OneStepProver0.executeArbitraryJump
FNDA:0,OneStepProver0.executeArbitraryJump
DA:283,0
DA:284,0
BRDA:284,20,0,-
BRDA:284,20,1,-
DA:285,0
FN:288,OneStepProver0.executeArbitraryJumpIf
FNDA:0,OneStepProver0.executeArbitraryJumpIf
DA:294,0
DA:295,0
BRDA:295,21,0,-
BRDA:295,21,1,-
DA:297,0
DA:298,0
BRDA:298,22,0,-
BRDA:298,22,1,-
DA:299,0
FN:303,OneStepProver0.merkleProveGetValue
FNDA:0,OneStepProver0.merkleProveGetValue
DA:308,0
DA:309,0
DA:310,0
DA:311,0
DA:312,0
DA:313,0
DA:314,0
BRDA:314,23,0,-
BRDA:314,23,1,-
DA:315,0
FN:318,OneStepProver0.merkleProveSetValue
FNDA:0,OneStepProver0.merkleProveSetValue
DA:324,0
DA:325,0
DA:326,0
DA:327,0
DA:328,0
DA:329,0
DA:330,0
BRDA:330,24,0,-
BRDA:330,24,1,-
DA:331,0
FN:334,OneStepProver0.executeLocalGet
FNDA:0,OneStepProver0.executeLocalGet
DA:340,0
DA:341,0
DA:342,0
FN:345,OneStepProver0.executeLocalSet
FNDA:0,OneStepProver0.executeLocalSet
DA:351,0
DA:352,0
DA:353,0
FN:361,OneStepProver0.executeGlobalGet
FNDA:0,OneStepProver0.executeGlobalGet
DA:367,0
DA:368,0
FN:371,OneStepProver0.executeGlobalSet
FNDA:0,OneStepProver0.executeGlobalSet
DA:377,0
DA:378,0
FN:386,OneStepProver0.executeInitFrame
FNDA:0,OneStepProver0.executeInitFrame
DA:392,0
DA:393,0
DA:394,0
DA:395,0
DA:401,0
FN:404,OneStepProver0.executeMoveInternal
FNDA:0,OneStepProver0.executeMoveInternal
DA:410,0
DA:411,0
BRDA:411,25,0,-
BRDA:411,25,1,-
DA:412,0
DA:413,0
DA:414,0
BRDA:414,26,0,-
BRDA:414,26,1,-
DA:415,0
DA:416,0
DA:418,0
FN:422,OneStepProver0.executeDup
FNDA:0,OneStepProver0.executeDup
DA:428,0
DA:429,0
FN:432,OneStepProver0.executeOneStep
FNDA:0,OneStepProver0.executeOneStep
DA:439,0
DA:440,0
DA:442,0
DA:444,0
DA:447,0
BRDA:447,27,0,-
BRDA:447,27,1,-
DA:448,0
DA:449,0
BRDA:449,28,0,-
BRDA:449,28,1,-
DA:450,0
DA:451,0
BRDA:451,29,0,-
BRDA:451,29,1,-
DA:452,0
DA:453,0
BRDA:453,30,0,-
BRDA:453,30,1,-
DA:454,0
DA:455,0
BRDA:455,31,0,-
BRDA:455,31,1,-
DA:456,0
DA:457,0
BRDA:457,32,0,-
BRDA:457,32,1,-
DA:458,0
DA:459,0
BRDA:459,33,0,-
BRDA:459,33,1,-
DA:460,0
DA:461,0
BRDA:461,34,0,-
BRDA:461,34,1,-
DA:462,0
DA:463,0
BRDA:463,35,0,-
BRDA:463,35,1,-
DA:464,0
DA:465,0
BRDA:465,36,0,-
BRDA:465,36,1,-
DA:466,0
DA:467,0
BRDA:467,37,0,-
BRDA:467,37,1,-
DA:468,0
DA:469,0
BRDA:469,38,0,-
BRDA:469,38,1,-
DA:470,0
DA:471,0
BRDA:471,39,0,-
BRDA:471,39,1,-
DA:472,0
DA:473,0
BRDA:473,40,0,-
BRDA:473,40,1,-
DA:474,0
DA:475,0
BRDA:475,41,0,-
BRDA:475,41,1,-
DA:476,0
DA:477,0
BRDA:477,42,0,-
BRDA:477,42,1,-
DA:478,0
DA:479,0
BRDA:479,43,0,-
BRDA:479,43,1,-
DA:480,0
DA:482,0
DA:483,0
BRDA:481,44,0,-
BRDA:481,44,1,-
DA:485,0
DA:486,0
BRDA:486,45,0,-
BRDA:486,45,1,-
DA:487,0
DA:489,0
DA:492,0
FNF:23
FNH:0
LF:208
LH:0
BRF:92
BRH:0
end_of_record
TN:
SF:src/osp/OneStepProverHostIo.sol
FN:27,OneStepProverHostIo.setLeafByte
FNDA:0,OneStepProverHostIo.setLeafByte
DA:32,0
BRDA:32,0,0,-
BRDA:32,0,1,-
DA:34,0
DA:35,0
DA:36,0
DA:37,0
DA:38,0
FN:41,OneStepProverHostIo.executeGetOrSetBytes32
FNDA:0,OneStepProverHostIo.executeGetOrSetBytes32
DA:48,0
DA:49,0
DA:51,0
BRDA:51,1,0,-
BRDA:51,1,1,-
DA:52,0
DA:53,0
DA:55,0
BRDA:55,2,0,-
BRDA:55,2,1,-
DA:56,0
DA:57,0
DA:60,0
DA:61,0
DA:62,0
DA:63,0
DA:64,0
DA:70,0
BRDA:70,3,0,-
BRDA:70,3,1,-
DA:71,0
DA:75,0
BRDA:75,4,0,-
BRDA:75,4,1,-
DA:76,0
DA:78,0
FN:82,OneStepProverHostIo.executeGetU64
FNDA:0,OneStepProverHostIo.executeGetU64
DA:83,0
DA:85,0
BRDA:85,5,0,-
BRDA:85,5,1,-
DA:86,0
DA:87,0
DA:90,0
FN:93,OneStepProverHostIo.executeSetU64
FNDA:0,OneStepProverHostIo.executeSetU64
DA:94,0
DA:95,0
DA:97,0
BRDA:97,6,0,-
BRDA:97,6,1,-
DA:98,0
DA:99,0
DA:101,0
FN:104,OneStepProverHostIo.executeReadPreImage
FNDA:0,OneStepProverHostIo.executeReadPreImage
DA:111,0
DA:112,0
DA:113,0
BRDA:113,7,0,-
BRDA:113,7,1,-
DA:114,0
DA:115,0
DA:118,0
DA:119,0
DA:120,0
DA:121,0
DA:122,0
DA:128,0
DA:129,0
DA:130,0
DA:131,0
BRDA:131,8,0,-
BRDA:131,8,1,-
DA:132,0
DA:133,0
BRDA:133,9,0,-
BRDA:133,9,1,-
DA:135,0
DA:136,0
BRDA:136,10,0,-
BRDA:136,10,1,-
DA:137,0
DA:139,0
DA:142,0
DA:145,0
DA:146,0
DA:149,0
DA:151,0
FN:154,OneStepProverHostIo.validateSequencerInbox
FNDA:0,OneStepProverHostIo.validateSequencerInbox
DA:159,0
BRDA:159,11,0,-
BRDA:159,11,1,-
DA:161,0
DA:162,0
DA:163,0
DA:164,0
DA:165,0
DA:167,0
BRDA:167,12,0,-
BRDA:167,12,1,-
DA:168,0
DA:170,0
BRDA:170,13,0,-
BRDA:170,13,1,-
DA:171,0
DA:173,0
DA:174,0
BRDA:174,14,0,-
BRDA:174,14,1,-
DA:175,0
FN:178,OneStepProverHostIo.validateDelayedInbox
FNDA:0,OneStepProverHostIo.validateDelayedInbox
DA:183,0
BRDA:183,15,0,-
BRDA:183,15,1,-
DA:185,0
DA:187,0
BRDA:187,16,0,-
BRDA:187,16,1,-
DA:188,0
DA:191,0
DA:192,0
DA:193,0
DA:194,0
DA:196,0
DA:199,0
DA:201,0
BRDA:201,17,0,-
BRDA:201,17,1,-
DA:202,0
FN:205,OneStepProverHostIo.executeReadInboxMessage
FNDA:0,OneStepProverHostIo.executeReadInboxMessage
DA:212,0
DA:213,0
DA:214,0
DA:216,0
DA:217,0
BRDA:215,18,0,-
BRDA:215,18,1,-
DA:219,0
DA:220,0
DA:223,0
BRDA:223,19,0,-
BRDA:223,19,1,-
DA:224,0
DA:225,0
DA:228,0
DA:229,0
DA:230,0
DA:231,0
DA:232,0
DA:240,0
BRDA:240,20,0,-
BRDA:240,20,1,-
DA:241,0
DA:243,0
DA:248,0
DA:249,0
BRDA:249,21,0,-
BRDA:249,21,1,-
DA:250,0
DA:251,0
BRDA:251,22,0,-
BRDA:251,22,1,-
DA:252,0
DA:254,0
DA:255,0
DA:257,0
DA:258,0
BRDA:258,23,0,-
BRDA:258,23,1,-
DA:259,0
DA:260,0
DA:264,0
BRDA:264,24,0,-
BRDA:264,24,1,-
DA:265,0
DA:267,0
DA:268,0
DA:269,0
DA:276,0
DA:277,0
FN:280,OneStepProverHostIo.executeHaltAndSetFinished
FNDA:0,OneStepProverHostIo.executeHaltAndSetFinished
DA:287,0
FN:290,OneStepProverHostIo.executeGlobalStateAccess
FNDA:0,OneStepProverHostIo.executeGlobalStateAccess
DA:297,0
DA:299,0
DA:300,0
DA:301,0
DA:302,0
BRDA:302,25,0,-
BRDA:302,25,1,-
DA:305,0
DA:306,0
BRDA:304,26,0,-
BRDA:304,26,1,-
DA:308,0
DA:309,0
BRDA:309,27,0,-
BRDA:309,27,1,-
DA:310,0
DA:311,0
BRDA:311,28,0,-
BRDA:311,28,1,-
DA:312,0
DA:314,0
DA:317,0
FN:320,OneStepProverHostIo.executeOneStep
FNDA:0,OneStepProverHostIo.executeOneStep
DA:327,0
DA:328,0
DA:330,0
DA:332,0
DA:341,0
DA:342,0
BRDA:340,29,0,-
BRDA:340,29,1,-
DA:344,0
DA:345,0
BRDA:345,30,0,-
BRDA:345,30,1,-
DA:346,0
DA:347,0
BRDA:347,31,0,-
BRDA:347,31,1,-
DA:348,0
DA:349,0
BRDA:349,32,0,-
BRDA:349,32,1,-
DA:350,0
DA:352,0
DA:355,0
FNF:11
FNH:0
LF:151
LH:0
BRF:66
BRH:0
end_of_record
TN:
SF:src/osp/OneStepProverMath.sol
FN:17,OneStepProverMath.executeEqz
FNDA:0,OneStepProverMath.executeEqz
DA:23,0
DA:24,0
BRDA:24,0,0,-
BRDA:24,0,1,-
DA:25,0
BRDA:25,1,0,-
BRDA:25,1,1,-
DA:26,0
BRDA:26,2,0,-
BRDA:26,2,1,-
DA:27,0
BRDA:27,3,0,-
BRDA:27,3,1,-
DA:29,0
DA:32,0
DA:33,0
BRDA:33,4,0,-
BRDA:33,4,1,-
DA:34,0
DA:36,0
DA:39,0
FN:42,OneStepProverMath.signExtend
FNDA:0,OneStepProverMath.signExtend
DA:43,0
BRDA:43,5,0,-
BRDA:43,5,1,-
DA:44,0
DA:46,0
FN:49,OneStepProverMath.i64RelOp
FNDA:0,OneStepProverMath.i64RelOp
DA:54,0
BRDA:54,6,0,-
BRDA:54,6,1,-
DA:55,0
DA:56,0
BRDA:56,7,0,-
BRDA:56,7,1,-
DA:57,0
DA:58,0
BRDA:58,8,0,-
BRDA:58,8,1,-
DA:59,0
DA:60,0
BRDA:60,9,0,-
BRDA:60,9,1,-
DA:61,0
DA:62,0
BRDA:62,10,0,-
BRDA:62,10,1,-
DA:63,0
DA:64,0
BRDA:64,11,0,-
BRDA:64,11,1,-
DA:65,0
DA:66,0
BRDA:66,12,0,-
BRDA:66,12,1,-
DA:67,0
DA:68,0
BRDA:68,13,0,-
BRDA:68,13,1,-
DA:69,0
DA:70,0
BRDA:70,14,0,-
BRDA:70,14,1,-
DA:71,0
DA:72,0
BRDA:72,15,0,-
BRDA:72,15,1,-
DA:73,0
DA:75,0
FN:79,OneStepProverMath.executeI32RelOp
FNDA:0,OneStepProverMath.executeI32RelOp
DA:85,0
DA:86,0
DA:88,0
DA:89,0
DA:90,0
DA:93,0
DA:94,0
DA:95,0
DA:96,0
BRDA:92,16,0,-
BRDA:92,16,1,-
DA:98,0
DA:99,0
DA:101,0
DA:102,0
DA:105,0
DA:107,0
FN:110,OneStepProverMath.executeI64RelOp
FNDA:0,OneStepProverMath.executeI64RelOp
DA:116,0
DA:117,0
DA:119,0
DA:121,0
DA:123,0
FN:126,OneStepProverMath.genericIUnOp
FNDA:0,OneStepProverMath.genericIUnOp
DA:131,0
BRDA:131,17,0,-
BRDA:131,17,1,-
DA:132,0
BRDA:132,18,0,-
BRDA:132,18,1,-
DA:134,0
DA:135,0
DA:136,0
DA:138,0
DA:139,0
BRDA:139,19,0,-
BRDA:139,19,1,-
DA:140,0
DA:141,0
DA:142,0
DA:144,0
DA:145,0
BRDA:145,20,0,-
BRDA:145,20,1,-
DA:146,0
DA:147,0
DA:148,0
DA:149,0
BRDA:149,21,0,-
BRDA:149,21,1,-
DA:150,0
DA:152,0
DA:154,0
DA:156,0
FN:159,OneStepProverMath.executeI32UnOp
FNDA:0,OneStepProverMath.executeI32UnOp
DA:165,0
DA:167,0
DA:169,0
DA:171,0
FN:174,OneStepProverMath.executeI64UnOp
FNDA:0,OneStepProverMath.executeI64UnOp
DA:180,0
DA:182,0
DA:184,0
DA:186,0
FN:189,OneStepProverMath.rotl32
FNDA:0,OneStepProverMath.rotl32
DA:190,0
DA:191,0
FN:194,OneStepProverMath.rotl64
FNDA:0,OneStepProverMath.rotl64
DA:195,0
DA:196,0
FN:199,OneStepProverMath.rotr32
FNDA:0,OneStepProverMath.rotr32
DA:200,0
DA:201,0
FN:204,OneStepProverMath.rotr64
FNDA:0,OneStepProverMath.rotr64
DA:205,0
DA:206,0
FN:209,OneStepProverMath.genericBinOp
FNDA:0,OneStepProverMath.genericBinOp
DA:215,0
BRDA:215,22,0,-
BRDA:215,22,1,-
DA:217,0
DA:218,0
BRDA:218,23,0,-
BRDA:218,23,1,-
DA:220,0
DA:221,0
BRDA:221,24,0,-
BRDA:221,24,1,-
DA:223,0
DA:224,0
BRDA:224,25,0,-
BRDA:224,25,1,-
DA:226,0
BRDA:226,26,0,-
BRDA:226,26,1,-
DA:227,0
DA:229,0
DA:230,0
BRDA:230,27,0,-
BRDA:230,27,1,-
DA:232,0
BRDA:232,28,0,-
BRDA:232,28,1,-
DA:233,0
DA:235,0
DA:236,0
BRDA:236,29,0,-
BRDA:236,29,1,-
DA:238,0
DA:239,0
BRDA:239,30,0,-
BRDA:239,30,1,-
DA:241,0
DA:242,0
BRDA:242,31,0,-
BRDA:242,31,1,-
DA:244,0
DA:246,0
FN:251,OneStepProverMath.executeI32BinOp
FNDA:0,OneStepProverMath.executeI32BinOp
DA:257,0
DA:258,0
DA:259,0
DA:261,0
DA:264,0
BRDA:264,32,0,-
BRDA:264,32,1,-
DA:266,0
BRDA:266,33,0,-
BRDA:266,33,1,-
DA:267,0
DA:268,0
DA:270,0
DA:271,0
BRDA:271,34,0,-
BRDA:271,34,1,-
DA:273,0
BRDA:273,35,0,-
BRDA:273,35,1,-
DA:274,0
DA:275,0
DA:277,0
DA:278,0
BRDA:278,36,0,-
BRDA:278,36,1,-
DA:280,0
DA:281,0
BRDA:281,37,0,-
BRDA:281,37,1,-
DA:283,0
DA:284,0
BRDA:284,38,0,-
BRDA:284,38,1,-
DA:286,0
DA:287,0
BRDA:287,39,0,-
BRDA:287,39,1,-
DA:289,0
DA:290,0
BRDA:290,40,0,-
BRDA:290,40,1,-
DA:292,0
DA:294,0
DA:295,0
BRDA:295,41,0,-
BRDA:295,41,1,-
DA:296,0
DA:297,0
DA:299,0
DA:303,0
FN:306,OneStepProverMath.executeI64BinOp
FNDA:0,OneStepProverMath.executeI64BinOp
DA:312,0
DA:313,0
DA:314,0
DA:316,0
DA:319,0
BRDA:319,42,0,-
BRDA:319,42,1,-
DA:321,0
BRDA:321,43,0,-
BRDA:321,43,1,-
DA:322,0
DA:323,0
DA:325,0
DA:326,0
BRDA:326,44,0,-
BRDA:326,44,1,-
DA:328,0
BRDA:328,45,0,-
BRDA:328,45,1,-
DA:329,0
DA:330,0
DA:332,0
DA:333,0
BRDA:333,46,0,-
BRDA:333,46,1,-
DA:335,0
DA:336,0
BRDA:336,47,0,-
BRDA:336,47,1,-
DA:338,0
DA:339,0
BRDA:339,48,0,-
BRDA:339,48,1,-
DA:341,0
DA:342,0
BRDA:342,49,0,-
BRDA:342,49,1,-
DA:344,0
DA:345,0
BRDA:345,50,0,-
BRDA:345,50,1,-
DA:347,0
DA:349,0
DA:350,0
DA:351,0
BRDA:351,51,0,-
BRDA:351,51,1,-
DA:352,0
DA:353,0
DA:358,0
FN:361,OneStepProverMath.executeI32WrapI64
FNDA:0,OneStepProverMath.executeI32WrapI64
DA:367,0
DA:369,0
DA:371,0
FN:374,OneStepProverMath.executeI64ExtendI32
FNDA:0,OneStepProverMath.executeI64ExtendI32
DA:380,0
DA:382,0
DA:384,0
BRDA:384,52,0,-
BRDA:384,52,1,-
DA:385,0
DA:387,0
DA:390,0
FN:393,OneStepProverMath.executeExtendSameType
FNDA:0,OneStepProverMath.executeExtendSameType
DA:399,0
DA:400,0
DA:401,0
BRDA:401,53,0,-
BRDA:401,53,1,-
DA:402,0
DA:403,0
DA:404,0
BRDA:404,54,0,-
BRDA:404,54,1,-
DA:405,0
DA:406,0
DA:407,0
BRDA:407,55,0,-
BRDA:407,55,1,-
DA:408,0
DA:409,0
DA:410,0
BRDA:410,56,0,-
BRDA:410,56,1,-
DA:411,0
DA:412,0
DA:413,0
BRDA:413,57,0,-
BRDA:413,57,1,-
DA:414,0
DA:415,0
DA:417,0
DA:419,0
DA:420,0
BRDA:420,58,0,-
BRDA:420,58,1,-
DA:421,0
DA:423,0
DA:425,0
DA:426,0
BRDA:426,59,0,-
BRDA:426,59,1,-
DA:427,0
DA:428,0
DA:429,0
BRDA:429,60,0,-
BRDA:429,60,1,-
DA:431,0
DA:433,0
FN:436,OneStepProverMath.executeReinterpret
FNDA:0,OneStepProverMath.executeReinterpret
DA:442,0
DA:443,0
DA:444,0
BRDA:444,61,0,-
BRDA:444,61,1,-
DA:445,0
DA:446,0
DA:447,0
BRDA:447,62,0,-
BRDA:447,62,1,-
DA:448,0
DA:449,0
DA:450,0
BRDA:450,63,0,-
BRDA:450,63,1,-
DA:451,0
DA:452,0
DA:453,0
BRDA:453,64,0,-
BRDA:453,64,1,-
DA:454,0
DA:455,0
DA:457,0
DA:459,0
DA:460,0
BRDA:460,65,0,-
BRDA:460,65,1,-
DA:461,0
DA:462,0
FN:465,OneStepProverMath.executeOneStep
FNDA:0,OneStepProverMath.executeOneStep
DA:472,0
DA:473,0
DA:475,0
DA:477,0
DA:480,0
BRDA:480,66,0,-
BRDA:480,66,1,-
DA:481,0
DA:483,0
DA:484,0
BRDA:482,67,0,-
BRDA:482,67,1,-
DA:486,0
DA:488,0
DA:489,0
BRDA:487,68,0,-
BRDA:487,68,1,-
DA:491,0
DA:492,0
BRDA:492,69,0,-
BRDA:492,69,1,-
DA:493,0
DA:495,0
DA:496,0
BRDA:494,70,0,-
BRDA:494,70,1,-
DA:498,0
DA:500,0
DA:501,0
BRDA:499,71,0,-
BRDA:499,71,1,-
DA:503,0
DA:504,0
BRDA:504,72,0,-
BRDA:504,72,1,-
DA:505,0
DA:506,0
BRDA:506,73,0,-
BRDA:506,73,1,-
DA:507,0
DA:509,0
BRDA:508,74,0,-
BRDA:508,74,1,-
DA:511,0
DA:512,0
BRDA:512,75,0,-
BRDA:512,75,1,-
DA:513,0
DA:515,0
BRDA:514,76,0,-
BRDA:514,76,1,-
DA:517,0
DA:519,0
DA:522,0
FNF:20
FNH:0
LF:261
LH:0
BRF:154
BRH:0
end_of_record
TN:
SF:src/osp/OneStepProverMemory.sol
FN:22,OneStepProverMemory.pullLeafByte
FNDA:0,OneStepProverMemory.pullLeafByte
DA:23,0
BRDA:23,0,0,-
BRDA:23,0,1,-
DA:25,0
DA:26,0
FN:29,OneStepProverMemory.setLeafByte
FNDA:0,OneStepProverMemory.setLeafByte
DA:34,0
BRDA:34,1,0,-
BRDA:34,1,1,-
DA:36,0
DA:37,0
DA:38,0
DA:39,0
DA:40,0
FN:43,OneStepProverMemory.executeMemoryLoad
FNDA:0,OneStepProverMemory.executeMemoryLoad
DA:49,0
DA:50,0
DA:51,0
DA:52,0
BRDA:52,2,0,-
BRDA:52,2,1,-
DA:53,0
DA:54,0
DA:55,0
DA:56,0
BRDA:56,3,0,-
BRDA:56,3,1,-
DA:57,0
DA:58,0
DA:59,0
DA:60,0
BRDA:60,4,0,-
BRDA:60,4,1,-
DA:61,0
DA:62,0
DA:63,0
DA:64,0
BRDA:64,5,0,-
BRDA:64,5,1,-
DA:65,0
DA:66,0
DA:67,0
DA:68,0
BRDA:68,6,0,-
BRDA:68,6,1,-
DA:69,0
DA:70,0
DA:71,0
DA:72,0
BRDA:72,7,0,-
BRDA:72,7,1,-
DA:73,0
DA:74,0
DA:75,0
DA:76,0
BRDA:76,8,0,-
BRDA:76,8,1,-
DA:77,0
DA:78,0
DA:79,0
DA:80,0
BRDA:80,9,0,-
BRDA:80,9,1,-
DA:81,0
DA:82,0
DA:83,0
DA:84,0
BRDA:84,10,0,-
BRDA:84,10,1,-
DA:85,0
DA:86,0
DA:87,0
DA:88,0
BRDA:88,11,0,-
BRDA:88,11,1,-
DA:89,0
DA:90,0
DA:91,0
DA:92,0
BRDA:92,12,0,-
BRDA:92,12,1,-
DA:93,0
DA:94,0
DA:95,0
DA:96,0
BRDA:96,13,0,-
BRDA:96,13,1,-
DA:97,0
DA:98,0
DA:99,0
DA:100,0
BRDA:100,14,0,-
BRDA:100,14,1,-
DA:101,0
DA:102,0
DA:103,0
DA:104,0
BRDA:104,15,0,-
BRDA:104,15,1,-
DA:105,0
DA:106,0
DA:107,0
DA:109,0
DA:113,0
DA:114,0
BRDA:114,16,0,-
BRDA:114,16,1,-
DA:115,0
DA:116,0
DA:119,0
DA:120,0
DA:121,0
DA:122,0
DA:123,0
DA:124,0
DA:125,0
DA:126,0
BRDA:126,17,0,-
BRDA:126,17,1,-
DA:128,0
DA:134,0
DA:136,0
DA:137,0
DA:142,0
BRDA:142,18,0,-
BRDA:142,18,1,-
DA:144,0
BRDA:144,19,0,-
BRDA:144,19,1,-
DA:145,0
DA:146,0
BRDA:146,20,0,-
BRDA:146,20,1,-
DA:147,0
DA:148,0
BRDA:148,21,0,-
BRDA:148,21,1,-
DA:149,0
DA:150,0
BRDA:150,22,0,-
BRDA:150,22,1,-
DA:151,0
DA:152,0
BRDA:152,23,0,-
BRDA:152,23,1,-
DA:153,0
DA:155,0
DA:159,0
FN:162,OneStepProverMemory.executeMemoryStore
FNDA:0,OneStepProverMemory.executeMemoryStore
DA:168,0
DA:169,0
DA:171,0
DA:172,0
BRDA:172,24,0,-
BRDA:172,24,1,-
DA:173,0
DA:174,0
DA:175,0
BRDA:175,25,0,-
BRDA:175,25,1,-
DA:176,0
DA:177,0
DA:178,0
BRDA:178,26,0,-
BRDA:178,26,1,-
DA:179,0
DA:180,0
DA:181,0
BRDA:181,27,0,-
BRDA:181,27,1,-
DA:182,0
DA:183,0
DA:184,0
BRDA:184,28,0,-
BRDA:184,28,1,-
DA:185,0
DA:186,0
DA:187,0
BRDA:187,29,0,-
BRDA:187,29,1,-
DA:188,0
DA:189,0
DA:190,0
BRDA:190,30,0,-
BRDA:190,30,1,-
DA:191,0
DA:192,0
DA:193,0
BRDA:193,31,0,-
BRDA:193,31,1,-
DA:194,0
DA:195,0
DA:196,0
BRDA:196,32,0,-
BRDA:196,32,1,-
DA:197,0
DA:198,0
DA:200,0
DA:203,0
DA:204,0
BRDA:204,33,0,-
BRDA:204,33,1,-
DA:205,0
DA:206,0
BRDA:206,34,0,-
BRDA:206,34,1,-
DA:207,0
DA:212,0
DA:213,0
BRDA:213,35,0,-
BRDA:213,35,1,-
DA:214,0
DA:215,0
DA:218,0
DA:219,0
DA:220,0
DA:221,0
DA:222,0
DA:223,0
DA:224,0
DA:225,0
BRDA:225,36,0,-
BRDA:225,36,1,-
DA:226,0
BRDA:226,37,0,-
BRDA:226,37,1,-
DA:228,0
DA:234,0
DA:240,0
DA:242,0
DA:243,0
DA:248,0
DA:250,0
FN:256,OneStepProverMemory.executeMemorySize
FNDA:0,OneStepProverMemory.executeMemorySize
DA:262,0
DA:263,0
FN:266,OneStepProverMemory.executeMemoryGrow
FNDA:0,OneStepProverMemory.executeMemoryGrow
DA:272,0
DA:273,0
DA:275,0
DA:276,0
BRDA:276,38,0,-
BRDA:276,38,1,-
DA:277,0
DA:278,0
DA:280,0
FN:284,OneStepProverMemory.executeOneStep
FNDA:0,OneStepProverMemory.executeOneStep
DA:291,0
DA:292,0
DA:294,0
DA:296,0
DA:299,0
BRDA:299,39,0,-
BRDA:299,39,1,-
DA:300,0
DA:301,0
BRDA:301,40,0,-
BRDA:301,40,1,-
DA:302,0
DA:303,0
BRDA:303,41,0,-
BRDA:303,41,1,-
DA:304,0
DA:305,0
BRDA:305,42,0,-
BRDA:305,42,1,-
DA:306,0
DA:308,0
DA:311,0
FNF:7
FNH:0
LF:177
LH:0
BRF:86
BRH:0
end_of_record
TN:
SF:src/rollup/Assertion.sol
FN:72,AssertionNodeLib.createAssertion
FNDA:54,AssertionNodeLib.createAssertion
DA:76,54
DA:77,54
DA:78,54
DA:79,54
DA:80,54
DA:81,54
FN:87,AssertionNodeLib.childCreated
FNDA:54,AssertionNodeLib.childCreated
DA:88,54
BRDA:88,0,0,41
BRDA:88,0,1,13
DA:89,41
DA:90,13
BRDA:90,1,0,13
BRDA:90,1,1,13
DA:91,13
FN:95,AssertionNodeLib.requireMoreThanOneChild
FNDA:0,AssertionNodeLib.requireMoreThanOneChild
DA:96,0
BRDA:96,2,0,-
BRDA:96,2,1,-
FN:99,AssertionNodeLib.requireExists
FNDA:59,AssertionNodeLib.requireExists
DA:100,59
BRDA:100,3,0,1
BRDA:100,3,1,58
FNF:4
FNH:3
LF:12
LH:11
BRF:8
BRH:6
end_of_record
TN:
SF:src/rollup/BOLDUpgradeAction.sol
FN:96,StateHashPreImageLookup.stateHash
FNDA:0,StateHashPreImageLookup.stateHash
DA:97,0
FN:100,StateHashPreImageLookup.set
FNDA:0,StateHashPreImageLookup.set
DA:101,0
BRDA:101,0,0,-
BRDA:101,0,1,-
DA:102,0
DA:103,0
FN:106,StateHashPreImageLookup.get
FNDA:0,StateHashPreImageLookup.get
DA:107,0
DA:108,0
BRDA:108,1,0,-
BRDA:108,1,1,-
FN:279,BOLDUpgradeAction.cleanupOldRollup
FNDA:0,BOLDUpgradeAction.cleanupOldRollup
DA:280,0
DA:282,0
DA:285,0
BRDA:285,0,0,-
BRDA:285,0,1,-
DA:286,0
DA:288,0
DA:289,0
DA:290,0
DA:291,0
BRDA:291,1,0,-
BRDA:291,1,1,-
DA:292,0
DA:293,0
DA:295,0
DA:300,0
FN:305,BOLDUpgradeAction.createConfig
FNDA:0,BOLDUpgradeAction.createConfig
DA:307,0
DA:308,0
DA:310,0
BRDA:310,2,0,-
BRDA:310,2,1,-
DA:316,0
DA:318,0
FN:338,BOLDUpgradeAction.upgradeSurroundingContracts
FNDA:0,BOLDUpgradeAction.upgradeSurroundingContracts
DA:343,0
DA:344,0
DA:345,0
DA:348,0
DA:350,0
DA:351,0
DA:352,0
DA:355,0
DA:357,0
DA:358,0
DA:359,0
DA:362,0
DA:364,0
DA:365,0
DA:366,0
DA:369,0
FN:372,BOLDUpgradeAction.perform
FNDA:0,BOLDUpgradeAction.perform
DA:374,0
DA:377,0
DA:380,0
[...]
FN:299,RollupUserLogic.owner
FNDA:1,RollupUserLogic.owner
DA:300,1
FN:309,RollupUserLogic.newStakeOnNewAssertion
FNDA:51,RollupUserLogic.newStakeOnNewAssertion
DA:314,51
DA:315,51
DA:317,50
FN:325,RollupUserLogic.addToDeposit
FNDA:3,RollupUserLogic.addToDeposit
DA:326,2
DA:328,1
FN:334,RollupUserLogic.withdrawStakerFunds
FNDA:6,RollupUserLogic.withdrawStakerFunds
DA:335,6
DA:336,6
BRDA:336,24,0,2
BRDA:336,24,1,4
DA:338,4
DA:339,4
FN:342,RollupUserLogic.receiveTokens
FNDA:51,RollupUserLogic.receiveTokens
DA:343,51
FNF:19
FNH:18
LF:68
LH:64
BRF:50
BRH:32
end_of_record
TN:
SF:src/rollup/ValidatorWallet.sol
FN:43,ValidatorWallet.setExecutor
FNDA:0,ValidatorWallet.setExecutor
DA:47,0
BRDA:47,0,0,-
BRDA:47,0,1,-
DA:48,0
DA:50,0
DA:51,0
DA:52,0
FN:57,ValidatorWallet.initialize
FNDA:0,ValidatorWallet.initialize
DA:62,0
DA:63,0
DA:65,0
DA:66,0
DA:69,0
DA:70,0
DA:71,0
FN:79,ValidatorWallet.setAllowedExecutorDestinations
FNDA:0,ValidatorWallet.setAllowedExecutorDestinations
DA:83,0
BRDA:83,1,0,-
BRDA:83,1,1,-
DA:84,0
DA:86,0
DA:87,0
DA:88,0
FN:94,ValidatorWallet.validateExecuteTransaction
FNDA:0,ValidatorWallet.validateExecuteTransaction
DA:95,0
BRDA:95,2,0,-
BRDA:95,2,1,-
DA:96,0
FN:99,ValidatorWallet.executeTransactions
FNDA:0,ValidatorWallet.executeTransactions
DA:104,0
FN:107,ValidatorWallet.executeTransactionsWithGasRefunder
FNDA:0,ValidatorWallet.executeTransactionsWithGasRefunder
DA:113,0
DA:114,0
BRDA:114,3,0,-
BRDA:114,3,1,-
DA:115,0
BRDA:115,4,0,-
BRDA:115,4,1,-
DA:117,0
DA:118,0
BRDA:118,5,0,-
BRDA:118,5,1,-
BRDA:118,6,0,-
BRDA:118,6,1,-
DA:119,0
DA:122,0
DA:123,0
BRDA:123,7,0,-
BRDA:123,7,1,-
FN:134,ValidatorWallet.executeTransaction
FNDA:0,ValidatorWallet.executeTransaction
DA:139,0
FN:142,ValidatorWallet.executeTransactionWithGasRefunder
FNDA:0,ValidatorWallet.executeTransactionWithGasRefunder
DA:148,0
BRDA:148,8,0,-
BRDA:148,8,1,-
BRDA:148,9,0,-
BRDA:148,9,1,-
DA:149,0
DA:152,0
DA:153,0
BRDA:153,10,0,-
BRDA:153,10,1,-
FN:163,ValidatorWallet.timeoutChallenges
FNDA:0,ValidatorWallet.timeoutChallenges
DA:164,0
FN:167,ValidatorWallet.timeoutChallengesWithGasRefunder
FNDA:0,ValidatorWallet.timeoutChallengesWithGasRefunder
DA:172,0
DA:173,0
DA:174,0
FN:187,ValidatorWallet.withdrawEth
FNDA:0,ValidatorWallet.withdrawEth
DA:189,0
DA:190,0
BRDA:190,11,0,-
BRDA:190,11,1,-
FNF:11
FNH:0
LF:39
LH:0
BRF:24
BRH:0
end_of_record
TN:
SF:src/rollup/ValidatorWalletCreator.sol
FN:28,ValidatorWalletCreator.setTemplate
FNDA:0,ValidatorWalletCreator.setTemplate
DA:29,0
DA:30,0
FN:33,ValidatorWalletCreator.createWallet
FNDA:0,ValidatorWalletCreator.createWallet
DA:37,0
DA:38,0
DA:39,0
DA:40,0
DA:43,0
DA:44,0
DA:45,0
DA:46,0
FNF:2
FNH:0
LF:10
LH:0
BRF:0
BRH:0
end_of_record
TN:
SF:src/state/Deserialize.sol
FN:18,Deserialize.u8
FNDA:0,Deserialize.u8
DA:23,0
DA:24,0
DA:25,0
FN:28,Deserialize.u16
FNDA:0,Deserialize.u16
DA:33,0
DA:34,0
DA:35,0
DA:36,0
DA:37,0
FN:41,Deserialize.u32
FNDA:0,Deserialize.u32
DA:46,0
DA:47,0
DA:48,0
DA:49,0
DA:50,0
FN:54,Deserialize.u64
FNDA:0,Deserialize.u64
DA:59,0
DA:60,0
DA:61,0
DA:62,0
DA:63,0
FN:67,Deserialize.u256
FNDA:0,Deserialize.u256
DA:72,0
DA:73,0
DA:74,0
DA:75,0
DA:76,0
FN:80,Deserialize.b32
FNDA:0,Deserialize.b32
DA:85,0
DA:86,0
DA:87,0
DA:88,0
FN:91,Deserialize.value
FNDA:0,Deserialize.value
DA:96,0
DA:97,0
DA:98,0
DA:99,0
BRDA:99,0,0,-
BRDA:99,0,1,-
DA:100,0
DA:101,0
DA:102,0
FN:105,Deserialize.valueStack
FNDA:0,Deserialize.valueStack
DA:110,0
DA:111,0
DA:112,0
DA:113,0
DA:114,0
DA:115,0
DA:116,0
DA:117,0
DA:119,0
FN:122,Deserialize.instruction
FNDA:0,Deserialize.instruction
DA:127,0
DA:128,0
DA:129,0
DA:130,0
DA:131,0
DA:132,0
FN:135,Deserialize.stackFrame
FNDA:0,Deserialize.stackFrame
DA:140,0
DA:141,0
DA:142,0
DA:143,0
DA:144,0
DA:145,0
DA:146,0
DA:147,0
DA:148,0
DA:149,0
FN:157,Deserialize.stackFrameWindow
FNDA:0,Deserialize.stackFrameWindow
DA:162,0
DA:163,0
DA:164,0
DA:165,0
DA:166,0
BRDA:166,1,0,-
BRDA:166,1,1,-
DA:167,0
DA:168,0
DA:169,0
DA:171,0
DA:172,0
DA:174,0
FN:177,Deserialize.moduleMemory
FNDA:0,Deserialize.moduleMemory
DA:182,0
DA:183,0
DA:184,0
DA:185,0
DA:186,0
DA:187,0
DA:188,0
DA:189,0
FN:192,Deserialize.module
FNDA:0,Deserialize.module
DA:197,0
DA:198,0
DA:199,0
DA:200,0
DA:201,0
DA:202,0
DA:203,0
DA:204,0
DA:205,0
DA:206,0
DA:207,0
DA:208,0
FN:217,Deserialize.globalState
FNDA:0,Deserialize.globalState
DA:222,0
DA:225,0
DA:226,0
DA:228,0
DA:229,0
DA:231,0
DA:232,0
DA:234,0
FN:237,Deserialize.machine
FNDA:0,Deserialize.machine
DA:242,0
DA:243,0
DA:245,0
DA:246,0
DA:247,0
BRDA:247,2,0,-
BRDA:247,2,1,-
DA:248,0
DA:249,0
BRDA:249,3,0,-
BRDA:249,3,1,-
DA:250,0
DA:251,0
BRDA:251,4,0,-
BRDA:251,4,1,-
DA:252,0
DA:254,0
DA:257,0
DA:258,0
DA:259,0
DA:260,0
DA:261,0
DA:262,0
DA:263,0
DA:264,0
DA:265,0
DA:266,0
DA:267,0
DA:268,0
DA:269,0
DA:270,0
DA:271,0
DA:272,0
DA:273,0
FN:286,Deserialize.merkleProof
FNDA:0,Deserialize.merkleProof
DA:291,0
DA:292,0
DA:293,0
DA:294,0
DA:295,0
DA:296,0
DA:298,0
FNF:16
FNH:0
LF:133
LH:0
BRF:10
BRH:0
end_of_record
TN:
SF:src/state/GlobalState.sol
FN:16,GlobalStateLib.hash
FNDA:98,GlobalStateLib.hash
DA:17,98
DA:18,98
FN:29,GlobalStateLib.getBlockHash
FNDA:0,GlobalStateLib.getBlockHash
DA:30,0
FN:33,GlobalStateLib.getSendRoot
FNDA:0,GlobalStateLib.getSendRoot
DA:34,0
FN:37,GlobalStateLib.getInboxPosition
FNDA:0,GlobalStateLib.getInboxPosition
DA:38,0
FN:41,GlobalStateLib.getPositionInMessage
FNDA:0,GlobalStateLib.getPositionInMessage
DA:42,0
FN:45,GlobalStateLib.isEmpty
FNDA:0,GlobalStateLib.isEmpty
DA:46,0
FNF:6
FNH:1
LF:7
LH:2
BRF:0
BRH:0
end_of_record
TN:
SF:src/state/Instructions.sol
FN:150,Instructions.hash
FNDA:0,Instructions.hash
DA:151,0
FNF:1
FNH:0
LF:1
LH:0
BRF:0
BRH:0
end_of_record
TN:
SF:src/state/Machine.sol
FN:33,MachineLib.hash
FNDA:0,MachineLib.hash
DA:35,0
BRDA:35,0,0,-
BRDA:35,0,1,-
DA:36,0
DA:37,0
DA:50,0
BRDA:50,1,0,-
BRDA:50,1,1,-
DA:51,0
DA:52,0
BRDA:52,2,0,-
BRDA:52,2,1,-
DA:53,0
DA:55,0
FNF:1
FNH:0
LF:8
LH:0
BRF:6
BRH:0
end_of_record
TN:
SF:src/state/MerkleProof.sol
FN:19,MerkleProofLib.computeRootFromValue
FNDA:0,MerkleProofLib.computeRootFromValue
DA:24,0
FN:27,MerkleProofLib.computeRootFromInstruction
FNDA:0,MerkleProofLib.computeRootFromInstruction
DA:32,0
FN:35,MerkleProofLib.computeRootFromFunction
FNDA:0,MerkleProofLib.computeRootFromFunction
DA:40,0
DA:41,0
FN:44,MerkleProofLib.computeRootFromMemory
FNDA:0,MerkleProofLib.computeRootFromMemory
DA:49,0
DA:50,0
FN:53,MerkleProofLib.computeRootFromElement
FNDA:0,MerkleProofLib.computeRootFromElement
DA:59,0
DA:60,0
FN:63,MerkleProofLib.computeRootFromTable
FNDA:0,MerkleProofLib.computeRootFromTable
DA:70,0
DA:71,0
FN:74,MerkleProofLib.computeRootFromModule
FNDA:0,MerkleProofLib.computeRootFromModule
DA:79,0
FN:83,MerkleProofLib.computeRootUnsafe
FNDA:0,MerkleProofLib.computeRootUnsafe
DA:89,0
DA:90,0
DA:91,0
BRDA:91,0,0,-
BRDA:91,0,1,-
DA:92,0
DA:94,0
DA:96,0
FNF:8
FNH:0
LF:17
LH:0
BRF:2
BRH:0
end_of_record
TN:
SF:src/state/Module.sol
FN:20,ModuleLib.hash
FNDA:0,ModuleLib.hash
DA:21,0
DA:22,0
FNF:1
FNH:0
LF:2
LH:0
BRF:0
BRH:0
end_of_record
TN:
SF:src/state/ModuleMemory.sol
FN:14,ModuleMemoryLib.hash
FNDA:0,ModuleMemoryLib.hash
DA:15,0
FN:18,ModuleMemoryLib.proveLeaf
FNDA:0,ModuleMemoryLib.proveLeaf
DA:32,0
DA:33,0
DA:34,0
DA:35,0
DA:36,0
BRDA:36,0,0,-
BRDA:36,0,1,-
FNF:2
FNH:0
LF:6
LH:0
BRF:2
BRH:0
end_of_record
TN:
SF:src/state/ModuleMemoryCompact.sol
FN:14,ModuleMemoryCompactLib.hash
FNDA:0,ModuleMemoryCompactLib.hash
DA:15,0
FNF:1
FNH:0
LF:1
LH:0
BRF:0
BRH:0
end_of_record
TN:
SF:src/state/PcArray.sol
FN:12,PcArrayLib.get
FNDA:0,PcArrayLib.get
DA:13,0
FN:16,PcArrayLib.set
FNDA:0,PcArrayLib.set
DA:21,0
FN:24,PcArrayLib.length
FNDA:0,PcArrayLib.length
DA:25,0
FN:28,PcArrayLib.push
FNDA:0,PcArrayLib.push
DA:29,0
DA:30,0
DA:31,0
DA:33,0
DA:34,0
FN:37,PcArrayLib.pop
FNDA:0,PcArrayLib.pop
DA:38,0
DA:39,0
DA:40,0
DA:41,0
DA:43,0
FNF:5
FNH:0
LF:13
LH:0
BRF:0
BRH:0
end_of_record
TN:
SF:src/state/StackFrame.sol
FN:24,StackFrameLib.hash
FNDA:0,StackFrameLib.hash
DA:25,0
DA:26,0
FN:37,StackFrameLib.hash
FNDA:0,StackFrameLib.hash
DA:38,0
DA:39,0
DA:40,0
FN:44,StackFrameLib.peek
FNDA:0,StackFrameLib.peek
DA:45,0
BRDA:45,0,0,-
BRDA:45,0,1,-
DA:46,0
FN:49,StackFrameLib.pop
FNDA:0,StackFrameLib.pop
DA:50,0
BRDA:50,1,0,-
BRDA:50,1,1,-
DA:51,0
DA:52,0
FN:55,StackFrameLib.push
FNDA:0,StackFrameLib.push
DA:56,0
DA:57,0
DA:58,0
DA:60,0
DA:61,0
FNF:5
FNH:0
LF:15
LH:0
BRF:4
BRH:0
end_of_record
TN:
SF:src/state/Value.sol
FN:23,ValueLib.hash
FNDA:0,ValueLib.hash
DA:24,0
FN:27,ValueLib.maxValueType
FNDA:0,ValueLib.maxValueType
DA:28,0
FN:31,ValueLib.assumeI32
FNDA:0,ValueLib.assumeI32
DA:32,0
DA:33,0
BRDA:33,0,0,-
BRDA:33,0,1,-
DA:34,0
BRDA:34,1,0,-
BRDA:34,1,1,-
DA:35,0
FN:38,ValueLib.assumeI64
FNDA:0,ValueLib.assumeI64
DA:39,0
DA:40,0
BRDA:40,2,0,-
BRDA:40,2,1,-
DA:41,0
BRDA:41,3,0,-
BRDA:41,3,1,-
DA:42,0
FN:45,ValueLib.newRefNull
FNDA:0,ValueLib.newRefNull
DA:46,0
FN:49,ValueLib.newI32
FNDA:0,ValueLib.newI32
DA:50,0
FN:53,ValueLib.newI64
FNDA:0,ValueLib.newI64
DA:54,0
FN:57,ValueLib.newBoolean
FNDA:0,ValueLib.newBoolean
DA:58,0
BRDA:58,4,0,-
BRDA:58,4,1,-
DA:59,0
DA:61,0
FNF:8
FNH:0
LF:16
LH:0
BRF:10
BRH:0
end_of_record
TN:
SF:src/state/ValueArray.sol
FN:14,ValueArrayLib.get
FNDA:0,ValueArrayLib.get
DA:15,0
FN:18,ValueArrayLib.set
FNDA:0,ValueArrayLib.set
DA:23,0
FN:26,ValueArrayLib.length
FNDA:0,ValueArrayLib.length
DA:27,0
FN:30,ValueArrayLib.push
FNDA:0,ValueArrayLib.push
DA:31,0
DA:32,0
DA:33,0
DA:35,0
DA:36,0
FN:39,ValueArrayLib.pop
FNDA:0,ValueArrayLib.pop
DA:40,0
DA:41,0
DA:42,0
DA:43,0
DA:45,0
FNF:5
FNH:0
LF:13
LH:0
BRF:0
BRH:0
end_of_record
TN:
SF:src/state/ValueStack.sol
FN:19,ValueStackLib.hash
FNDA:0,ValueStackLib.hash
DA:20,0
DA:21,0
DA:22,0
DA:23,0
FN:27,ValueStackLib.peek
FNDA:0,ValueStackLib.peek
DA:28,0
DA:29,0
FN:32,ValueStackLib.pop
FNDA:0,ValueStackLib.pop
DA:33,0
FN:36,ValueStackLib.push
FNDA:0,ValueStackLib.push
DA:37,0
FNF:4
FNH:0
LF:8
LH:0
BRF:0
BRH:0
end_of_record
TN:
SF:src/test-helpers/BridgeTester.sol
FN:58,BridgeTester.setSequencerInbox
FNDA:0,BridgeTester.setSequencerInbox
DA:59,0
DA:60,0
FN:71,BridgeTester.initialize
FNDA:0,BridgeTester.initialize
DA:72,0
DA:73,0
FN:76,BridgeTester.updateRollupAddress
FNDA:0,BridgeTester.updateRollupAddress
DA:77,0
FN:80,BridgeTester.activeOutbox
FNDA:0,BridgeTester.activeOutbox
DA:81,0
BRDA:81,0,0,-
BRDA:81,0,1,-
DA:82,0
FN:85,BridgeTester.allowedDelayedInboxes
FNDA:0,BridgeTester.allowedDelayedInboxes
DA:86,0
FN:89,BridgeTester.allowedOutboxes
FNDA:0,BridgeTester.allowedOutboxes
DA:90,0
FN:93,BridgeTester.enqueueSequencerMessage
FNDA:0,BridgeTester.enqueueSequencerMessage
FN:110,BridgeTester.submitBatchSpendingReport
FNDA:0,BridgeTester.submitBatchSpendingReport
FN:122,BridgeTester.enqueueDelayedMessage
FNDA:0,BridgeTester.enqueueDelayedMessage
DA:127,0
BRDA:127,1,0,-
BRDA:127,1,1,-
DA:128,0
DA:129,0
FN:139,BridgeTester.addMessageToDelayedAccumulator
FNDA:0,BridgeTester.addMessageToDelayedAccumulator
DA:147,0
DA:148,0
DA:157,0
DA:158,0
BRDA:158,2,0,-
BRDA:158,2,1,-
DA:159,0
DA:161,0
DA:162,0
DA:172,0
FN:175,BridgeTester.executeCall
FNDA:0,BridgeTester.executeCall
DA:180,0
BRDA:180,3,0,-
BRDA:180,3,1,-
DA:181,0
BRDA:181,4,0,-
BRDA:181,4,1,-
DA:182,0
DA:183,0
DA:189,0
DA:190,0
DA:191,0
FN:194,BridgeTester.setDelayedInbox
FNDA:0,BridgeTester.setDelayedInbox
DA:195,0
DA:196,0
DA:197,0
DA:198,0
BRDA:198,5,0,-
BRDA:198,5,1,-
DA:199,0
DA:201,0
BRDA:201,6,0,-
BRDA:201,6,1,-
DA:202,0
DA:203,0
DA:205,0
DA:208,0
DA:209,0
DA:210,0
FN:214,BridgeTester.setOutbox
FNDA:0,BridgeTester.setOutbox
DA:215,0
DA:216,0
DA:217,0
DA:218,0
BRDA:218,7,0,-
BRDA:218,7,1,-
DA:219,0
DA:221,0
BRDA:221,8,0,-
BRDA:221,8,1,-
DA:222,0
DA:223,0
DA:225,0
DA:226,0
DA:227,0
DA:228,0
FN:232,BridgeTester.delayedMessageCount
FNDA:0,BridgeTester.delayedMessageCount
DA:233,0
FN:236,BridgeTester.sequencerMessageCount
FNDA:0,BridgeTester.sequencerMessageCount
DA:237,0
FN:242,BridgeTester.acceptFundsFromOldBridge
FNDA:0,BridgeTester.acceptFundsFromOldBridge
FNF:16
FNH:0
LF:53
LH:0
BRF:18
BRH:0
end_of_record
TN:
SF:src/test-helpers/CryptographyPrimitivesTester.sol
FN:10,CryptographyPrimitivesTester.keccakF
FNDA:0,CryptographyPrimitivesTester.keccakF
DA:11,0
FN:14,CryptographyPrimitivesTester.sha256Block
FNDA:0,CryptographyPrimitivesTester.sha256Block
DA:19,0
DA:20,0
FNF:2
FNH:0
LF:3
LH:0
BRF:0
BRH:0
end_of_record
TN:
SF:src/test-helpers/MessageTester.sol
FN:10,MessageTester.messageHash
FNDA:0,MessageTester.messageHash
DA:19,0
DA:20,0
FN:31,MessageTester.accumulateInboxMessage
FNDA:0,MessageTester.accumulateInboxMessage
DA:32,0
FNF:2
FNH:0
LF:3
LH:0
BRF:0
BRH:0
end_of_record
TN:
SF:src/test-helpers/OutboxWithoutOptTester.sol
FN:25,OutboxWithoutOptTester.spent
FNDA:0,OutboxWithoutOptTester.spent
DA:26,0
FN:45,OutboxWithoutOptTester.initialize
FNDA:0,OutboxWithoutOptTester.initialize
DA:46,0
BRDA:46,0,0,-
BRDA:46,0,1,-
DA:47,0
DA:48,0
FN:51,OutboxWithoutOptTester.updateSendRoot
FNDA:0,OutboxWithoutOptTester.updateSendRoot
DA:53,0
DA:54,0
FN:57,OutboxWithoutOptTester.updateRollupAddress
FNDA:0,OutboxWithoutOptTester.updateRollupAddress
DA:58,0
FN:64,OutboxWithoutOptTester.l2ToL1Sender
FNDA:0,OutboxWithoutOptTester.l2ToL1Sender
DA:65,0
FN:68,OutboxWithoutOptTester.l2ToL1Block
FNDA:0,OutboxWithoutOptTester.l2ToL1Block
DA:69,0
FN:72,OutboxWithoutOptTester.l2ToL1EthBlock
FNDA:0,OutboxWithoutOptTester.l2ToL1EthBlock
DA:73,0
FN:76,OutboxWithoutOptTester.l2ToL1Timestamp
FNDA:0,OutboxWithoutOptTester.l2ToL1Timestamp
DA:77,0
FN:81,OutboxWithoutOptTester.l2ToL1BatchNum
FNDA:0,OutboxWithoutOptTester.l2ToL1BatchNum
DA:82,0
FN:85,OutboxWithoutOptTester.l2ToL1OutputId
FNDA:0,OutboxWithoutOptTester.l2ToL1OutputId
DA:86,0
FN:103,OutboxWithoutOptTester.executeTransaction
FNDA:0,OutboxWithoutOptTester.executeTransaction
DA:114,0
DA:116,0
DA:126,0
DA:127,0
DA:132,0
DA:134,0
DA:143,0
DA:145,0
FN:148,OutboxWithoutOptTester.executeTransactionSimulation
FNDA:0,OutboxWithoutOptTester.executeTransactionSimulation
DA:158,0
FN:161,OutboxWithoutOptTester.recordOutputAsSpent
FNDA:0,OutboxWithoutOptTester.recordOutputAsSpent
DA:166,0
BRDA:166,1,0,-
BRDA:166,1,1,-
DA:167,0
BRDA:167,2,0,-
BRDA:167,2,1,-
DA:170,0
DA:171,0
BRDA:171,3,0,-
BRDA:171,3,1,-
DA:173,0
BRDA:173,4,0,-
BRDA:173,4,1,-
DA:174,0
DA:176,0
FN:179,OutboxWithoutOptTester.executeBridgeCall
FNDA:0,OutboxWithoutOptTester.executeBridgeCall
DA:184,0
DA:185,0
BRDA:185,5,0,-
BRDA:185,5,1,-
DA:186,0
BRDA:186,6,0,-
BRDA:186,6,1,-
DA:193,0
FN:198,OutboxWithoutOptTester.calculateItemHash
FNDA:0,OutboxWithoutOptTester.calculateItemHash
DA:207,0
DA:208,0
FN:211,OutboxWithoutOptTester.calculateMerkleRoot
FNDA:0,OutboxWithoutOptTester.calculateMerkleRoot
DA:216,0
FNF:16
FNH:0
LF:36
LH:0
BRF:14
BRH:0
end_of_record
TN:
SF:src/test-helpers/RollupMock.sol
FN:11,RollupMock.withdrawStakerFunds
FNDA:0,RollupMock.withdrawStakerFunds
DA:12,0
DA:13,0
FNF:1
FNH:0
LF:2
LH:0
BRF:0
BRH:0
end_of_record
TN:
SF:test/ERC20Mock.sol
FN:18,ERC20Mock.mint
FNDA:0,ERC20Mock.mint
DA:19,0
FN:22,ERC20Mock.burn
FNDA:0,ERC20Mock.burn
DA:23,0
FN:26,ERC20Mock.transferInternal
FNDA:0,ERC20Mock.transferInternal
DA:31,0
FN:34,ERC20Mock.approveInternal
FNDA:0,ERC20Mock.approveInternal
DA:39,0
FNF:4
FNH:0
LF:4
LH:0
BRF:0
BRH:0
end_of_record
TN:
SF:test/MockAssertionChain.sol
FN:32,MockAssertionChain.assertionExists
FNDA:0,MockAssertionChain.assertionExists
DA:33,830
FN:36,MockAssertionChain.stakeToken
FNDA:0,MockAssertionChain.stakeToken
DA:37,0
FN:40,MockAssertionChain.validateAssertionHash
FNDA:229,MockAssertionChain.validateAssertionHash
DA:46,229
BRDA:46,0,0,-
BRDA:46,0,1,229
DA:48,229
BRDA:48,1,0,-
BRDA:48,1,1,229
FN:51,MockAssertionChain.getFirstChildCreationBlock
FNDA:129,MockAssertionChain.getFirstChildCreationBlock
DA:52,129
BRDA:52,2,0,-
BRDA:52,2,1,129
DA:53,129
FN:56,MockAssertionChain.getSecondChildCreationBlock
FNDA:179,MockAssertionChain.getSecondChildCreationBlock
DA:57,179
BRDA:57,3,0,-
BRDA:57,3,1,179
DA:58,179
FN:61,MockAssertionChain.validateConfig
FNDA:7,MockAssertionChain.validateConfig
DA:65,7
BRDA:65,4,0,-
BRDA:65,4,1,7
FN:77,MockAssertionChain.isFirstChild
FNDA:129,MockAssertionChain.isFirstChild
DA:78,129
BRDA:78,5,0,-
BRDA:78,5,1,129
DA:79,129
FN:82,MockAssertionChain.isPending
FNDA:50,MockAssertionChain.isPending
DA:83,50
BRDA:83,6,0,-
BRDA:83,6,1,50
DA:84,50
FN:87,MockAssertionChain.calculateAssertionHash
FNDA:0,MockAssertionChain.calculateAssertionHash
DA:95,372
FN:102,MockAssertionChain.childCreated
FNDA:86,MockAssertionChain.childCreated
DA:103,86
BRDA:103,7,0,58
BRDA:103,7,1,28
DA:104,58
DA:105,28
BRDA:105,8,0,28
BRDA:105,8,1,28
DA:106,28
FN:110,MockAssertionChain.addAssertionUnsafe
FNDA:29,MockAssertionChain.addAssertionUnsafe
DA:117,86
DA:118,86
DA:135,86
DA:136,86
FN:139,MockAssertionChain.addAssertion
FNDA:57,MockAssertionChain.addAssertion
DA:147,57
DA:148,57
DA:149,57
BRDA:149,9,0,-
BRDA:149,9,1,57
DA:150,57
BRDA:150,10,0,-
BRDA:150,10,1,57
DA:151,57
BRDA:151,11,0,-
BRDA:151,11,1,57
DA:152,57
BRDA:152,12,0,-
BRDA:152,12,1,57
DA:154,57
FNF:12
FNH:9
LF:29
LH:28
BRF:26
BRH:15
end_of_record
TN:
SF:test/challengeV2/EdgeChallengeManager.t.sol
FN:17,MockOneStepProofEntry.proveOneStep
FNDA:7,MockOneStepProofEntry.proveOneStep
DA:22,7
FN:25,MockOneStepProofEntry.getMachineHash
FNDA:98,MockOneStepProofEntry.getMachineHash
DA:26,98
BRDA:26,0,0,-
BRDA:26,0,1,98
DA:27,98
FNF:2
FNH:2
LF:3
LH:3
BRF:2
BRH:1
end_of_record
TN:
SF:test/challengeV2/EdgeChallengeManagerLib.t.sol
FN:39,EdgeChallengeManagerLibAccess.add
FNDA:28,EdgeChallengeManagerLibAccess.add
DA:40,28
FN:43,EdgeChallengeManagerLibAccess.getEdge
FNDA:6,EdgeChallengeManagerLibAccess.getEdge
DA:44,6
FN:47,EdgeChallengeManagerLibAccess.setConfirmed
FNDA:1,EdgeChallengeManagerLibAccess.setConfirmed
DA:48,1
FN:51,EdgeChallengeManagerLibAccess.confirmEdgeByOneStepProof
FNDA:8,EdgeChallengeManagerLibAccess.confirmEdgeByOneStepProof
DA:59,8
FN:64,EdgeChallengeManagerLibAccess.createLayerZeroEdge
FNDA:18,EdgeChallengeManagerLibAccess.createLayerZeroEdge
DA:72,18
FN:15,MockOneStepProofEntry.proveOneStep
FNDA:4,MockOneStepProofEntry.proveOneStep
DA:20,4
FN:23,MockOneStepProofEntry.getMachineHash
FNDA:32,MockOneStepProofEntry.getMachineHash
DA:24,32
BRDA:24,0,0,32
BRDA:24,0,1,-
DA:25,32
DA:26,0
BRDA:26,1,0,-
BRDA:26,1,1,-
DA:27,0
DA:29,0
FNF:7
FNH:7
LF:11
LH:8
BRF:4
BRH:1
end_of_record
TN:
SF:test/challengeV2/StateTools.sol
FN:16,StateToolsLib.randomState
FNDA:0,StateToolsLib.randomState
DA:20,0
DA:21,0
DA:23,0
DA:24,0
FN:27,StateToolsLib.hash
FNDA:114,StateToolsLib.hash
DA:28,114
FN:31,StateToolsLib.mockMachineHash
FNDA:0,StateToolsLib.mockMachineHash
DA:32,0
FNF:3
FNH:1
LF:6
LH:1
BRF:0
BRH:0
end_of_record
TN:
SF:test/challengeV2/Utils.sol
FN:15,Random.hash
FNDA:929,Random.hash
DA:16,65894
DA:17,65894
FN:20,Random.hashes
FNDA:1281,Random.hashes
DA:21,1281
DA:22,1281
DA:23,64965
DA:25,1281
FN:28,Random.addr
FNDA:23,Random.addr
DA:29,23
DA:30,23
FN:35,Logger.bytes32Array
FNDA:0,Logger.bytes32Array
DA:36,0
DA:37,0
DA:38,0
DA:40,0
FN:49,ProofUtils.expansionFromLeaves
FNDA:0,ProofUtils.expansionFromLeaves
DA:54,0
BRDA:54,0,0,-
BRDA:54,0,1,-
DA:55,0
BRDA:55,1,0,-
BRDA:55,1,1,-
DA:57,0
DA:58,0
DA:59,0
DA:62,0
FN:69,ProofUtils.generatePrefixProof
FNDA:0,ProofUtils.generatePrefixProof
DA:74,0
BRDA:74,2,0,-
BRDA:74,2,1,-
DA:75,0
BRDA:75,3,0,-
BRDA:75,3,1,-
DA:77,0
DA:78,0
DA:79,0
DA:85,0
DA:86,0
DA:88,0
DA:90,0
DA:91,0
DA:93,0
DA:94,0
DA:96,0
DA:98,0
BRDA:98,4,0,-
BRDA:98,4,1,-
DA:101,0
FN:104,ProofUtils.generateInclusionProof
FNDA:0,ProofUtils.generateInclusionProof
DA:105,0
BRDA:105,5,0,-
BRDA:105,5,1,-
DA:106,0
BRDA:106,6,0,-
BRDA:106,6,1,-
DA:107,0
DA:108,0
BRDA:108,7,0,-
BRDA:108,7,1,-
DA:110,0
DA:112,0
DA:114,0
DA:115,0
DA:117,0
DA:118,0
DA:119,0
DA:121,0
DA:123,0
FN:126,ProofUtils.fullTree
FNDA:0,ProofUtils.fullTree
DA:127,0
DA:128,0
DA:130,0
DA:132,0
DA:133,0
DA:134,0
DA:136,0
DA:137,0
DA:138,0
DA:139,0
DA:140,0
BRDA:140,8,0,-
BRDA:140,8,1,-
DA:141,0
DA:143,0
DA:146,0
DA:147,0
DA:148,0
DA:150,0
FN:153,ProofUtils.rehashed
FNDA:0,ProofUtils.rehashed
DA:154,0
DA:155,0
DA:156,0
DA:158,0
FNF:9
FNH:3
LF:67
LH:8
BRF:18
BRH:0
end_of_record
